[2024-12-03 01:32:09] local.ERROR: No application encryption key has been specified. {"exception":"[object] (Illuminate\\Encryption\\MissingAppKeyException(code: 0): No application encryption key has been specified. at /home/adin/Documents/belajar/laravel/laravel-sb-admin-2/vendor/laravel/framework/src/Illuminate/Encryption/EncryptionServiceProvider.php:83)
[stacktrace]
#0 /home/adin/Documents/belajar/laravel/laravel-sb-admin-2/vendor/laravel/framework/src/Illuminate/Support/helpers.php(393): Illuminate\\Encryption\\EncryptionServiceProvider->Illuminate\\Encryption\\{closure}()
#1 /home/adin/Documents/belajar/laravel/laravel-sb-admin-2/vendor/laravel/framework/src/Illuminate/Encryption/EncryptionServiceProvider.php(81): tap()
#2 /home/adin/Documents/belajar/laravel/laravel-sb-admin-2/vendor/laravel/framework/src/Illuminate/Encryption/EncryptionServiceProvider.php(64): Illuminate\\Encryption\\EncryptionServiceProvider->key()
#3 /home/adin/Documents/belajar/laravel/laravel-sb-admin-2/vendor/laravel/framework/src/Illuminate/Encryption/EncryptionServiceProvider.php(32): Illuminate\\Encryption\\EncryptionServiceProvider->parseKey()
#4 /home/adin/Documents/belajar/laravel/laravel-sb-admin-2/vendor/laravel/framework/src/Illuminate/Container/Container.php(937): Illuminate\\Encryption\\EncryptionServiceProvider->Illuminate\\Encryption\\{closure}()
#5 /home/adin/Documents/belajar/laravel/laravel-sb-admin-2/vendor/laravel/framework/src/Illuminate/Container/Container.php(819): Illuminate\\Container\\Container->build()
#6 /home/adin/Documents/belajar/laravel/laravel-sb-admin-2/vendor/laravel/framework/src/Illuminate/Foundation/Application.php(1048): Illuminate\\Container\\Container->resolve()
#7 /home/adin/Documents/belajar/laravel/laravel-sb-admin-2/vendor/laravel/framework/src/Illuminate/Container/Container.php(755): Illuminate\\Foundation\\Application->resolve()
#8 /home/adin/Documents/belajar/laravel/laravel-sb-admin-2/vendor/laravel/framework/src/Illuminate/Foundation/Application.php(1030): Illuminate\\Container\\Container->make()
#9 /home/adin/Documents/belajar/laravel/laravel-sb-admin-2/vendor/laravel/framework/src/Illuminate/Container/Container.php(1118): Illuminate\\Foundation\\Application->make()
#10 /home/adin/Documents/belajar/laravel/laravel-sb-admin-2/vendor/laravel/framework/src/Illuminate/Container/Container.php(1028): Illuminate\\Container\\Container->resolveClass()
#11 /home/adin/Documents/belajar/laravel/laravel-sb-admin-2/vendor/laravel/framework/src/Illuminate/Container/Container.php(979): Illuminate\\Container\\Container->resolveDependencies()
#12 /home/adin/Documents/belajar/laravel/laravel-sb-admin-2/vendor/laravel/framework/src/Illuminate/Container/Container.php(819): Illuminate\\Container\\Container->build()
#13 /home/adin/Documents/belajar/laravel/laravel-sb-admin-2/vendor/laravel/framework/src/Illuminate/Foundation/Application.php(1048): Illuminate\\Container\\Container->resolve()
#14 /home/adin/Documents/belajar/laravel/laravel-sb-admin-2/vendor/laravel/framework/src/Illuminate/Container/Container.php(755): Illuminate\\Foundation\\Application->resolve()
#15 /home/adin/Documents/belajar/laravel/laravel-sb-admin-2/vendor/laravel/framework/src/Illuminate/Foundation/Application.php(1030): Illuminate\\Container\\Container->make()
#16 /home/adin/Documents/belajar/laravel/laravel-sb-admin-2/vendor/laravel/framework/src/Illuminate/Pipeline/Pipeline.php(172): Illuminate\\Foundation\\Application->make()
#17 /home/adin/Documents/belajar/laravel/laravel-sb-admin-2/vendor/laravel/framework/src/Illuminate/Pipeline/Pipeline.php(119): Illuminate\\Pipeline\\Pipeline->Illuminate\\Pipeline\\{closure}()
#18 /home/adin/Documents/belajar/laravel/laravel-sb-admin-2/vendor/laravel/framework/src/Illuminate/Routing/Router.php(807): Illuminate\\Pipeline\\Pipeline->then()
#19 /home/adin/Documents/belajar/laravel/laravel-sb-admin-2/vendor/laravel/framework/src/Illuminate/Routing/Router.php(786): Illuminate\\Routing\\Router->runRouteWithinStack()
#20 /home/adin/Documents/belajar/laravel/laravel-sb-admin-2/vendor/laravel/framework/src/Illuminate/Routing/Router.php(750): Illuminate\\Routing\\Router->runRoute()
#21 /home/adin/Documents/belajar/laravel/laravel-sb-admin-2/vendor/laravel/framework/src/Illuminate/Routing/Router.php(739): Illuminate\\Routing\\Router->dispatchToRoute()
#22 /home/adin/Documents/belajar/laravel/laravel-sb-admin-2/vendor/laravel/framework/src/Illuminate/Foundation/Http/Kernel.php(201): Illuminate\\Routing\\Router->dispatch()
#23 /home/adin/Documents/belajar/laravel/laravel-sb-admin-2/vendor/laravel/framework/src/Illuminate/Pipeline/Pipeline.php(144): Illuminate\\Foundation\\Http\\Kernel->Illuminate\\Foundation\\Http\\{closure}()
#24 /home/adin/Documents/belajar/laravel/laravel-sb-admin-2/vendor/laravel/framework/src/Illuminate/Foundation/Http/Middleware/TransformsRequest.php(21): Illuminate\\Pipeline\\Pipeline->Illuminate\\Pipeline\\{closure}()
#25 /home/adin/Documents/belajar/laravel/laravel-sb-admin-2/vendor/laravel/framework/src/Illuminate/Foundation/Http/Middleware/ConvertEmptyStringsToNull.php(31): Illuminate\\Foundation\\Http\\Middleware\\TransformsRequest->handle()
#26 /home/adin/Documents/belajar/laravel/laravel-sb-admin-2/vendor/laravel/framework/src/Illuminate/Pipeline/Pipeline.php(183): Illuminate\\Foundation\\Http\\Middleware\\ConvertEmptyStringsToNull->handle()
#27 /home/adin/Documents/belajar/laravel/laravel-sb-admin-2/vendor/laravel/framework/src/Illuminate/Foundation/Http/Middleware/TransformsRequest.php(21): Illuminate\\Pipeline\\Pipeline->Illuminate\\Pipeline\\{closure}()
#28 /home/adin/Documents/belajar/laravel/laravel-sb-admin-2/vendor/laravel/framework/src/Illuminate/Foundation/Http/Middleware/TrimStrings.php(51): Illuminate\\Foundation\\Http\\Middleware\\TransformsRequest->handle()
#29 /home/adin/Documents/belajar/laravel/laravel-sb-admin-2/vendor/laravel/framework/src/Illuminate/Pipeline/Pipeline.php(183): Illuminate\\Foundation\\Http\\Middleware\\TrimStrings->handle()
#30 /home/adin/Documents/belajar/laravel/laravel-sb-admin-2/vendor/laravel/framework/src/Illuminate/Http/Middleware/ValidatePostSize.php(27): Illuminate\\Pipeline\\Pipeline->Illuminate\\Pipeline\\{closure}()
#31 /home/adin/Documents/belajar/laravel/laravel-sb-admin-2/vendor/laravel/framework/src/Illuminate/Pipeline/Pipeline.php(183): Illuminate\\Http\\Middleware\\ValidatePostSize->handle()
#32 /home/adin/Documents/belajar/laravel/laravel-sb-admin-2/vendor/laravel/framework/src/Illuminate/Foundation/Http/Middleware/PreventRequestsDuringMaintenance.php(110): Illuminate\\Pipeline\\Pipeline->Illuminate\\Pipeline\\{closure}()
#33 /home/adin/Documents/belajar/laravel/laravel-sb-admin-2/vendor/laravel/framework/src/Illuminate/Pipeline/Pipeline.php(183): Illuminate\\Foundation\\Http\\Middleware\\PreventRequestsDuringMaintenance->handle()
#34 /home/adin/Documents/belajar/laravel/laravel-sb-admin-2/vendor/laravel/framework/src/Illuminate/Http/Middleware/HandleCors.php(49): Illuminate\\Pipeline\\Pipeline->Illuminate\\Pipeline\\{closure}()
#35 /home/adin/Documents/belajar/laravel/laravel-sb-admin-2/vendor/laravel/framework/src/Illuminate/Pipeline/Pipeline.php(183): Illuminate\\Http\\Middleware\\HandleCors->handle()
#36 /home/adin/Documents/belajar/laravel/laravel-sb-admin-2/vendor/laravel/framework/src/Illuminate/Http/Middleware/TrustProxies.php(58): Illuminate\\Pipeline\\Pipeline->Illuminate\\Pipeline\\{closure}()
#37 /home/adin/Documents/belajar/laravel/laravel-sb-admin-2/vendor/laravel/framework/src/Illuminate/Pipeline/Pipeline.php(183): Illuminate\\Http\\Middleware\\TrustProxies->handle()
#38 /home/adin/Documents/belajar/laravel/laravel-sb-admin-2/vendor/laravel/framework/src/Illuminate/Pipeline/Pipeline.php(119): Illuminate\\Pipeline\\Pipeline->Illuminate\\Pipeline\\{closure}()
#39 /home/adin/Documents/belajar/laravel/laravel-sb-admin-2/vendor/laravel/framework/src/Illuminate/Foundation/Http/Kernel.php(176): Illuminate\\Pipeline\\Pipeline->then()
#40 /home/adin/Documents/belajar/laravel/laravel-sb-admin-2/vendor/laravel/framework/src/Illuminate/Foundation/Http/Kernel.php(145): Illuminate\\Foundation\\Http\\Kernel->sendRequestThroughRouter()
#41 /home/adin/Documents/belajar/laravel/laravel-sb-admin-2/public/index.php(54): Illuminate\\Foundation\\Http\\Kernel->handle()
#42 /home/adin/Documents/belajar/laravel/laravel-sb-admin-2/server.php(21): require_once('...')
#43 {main}
"} 
[2024-12-03 01:32:09] local.ERROR: No application encryption key has been specified. {"exception":"[object] (Illuminate\\Encryption\\MissingAppKeyException(code: 0): No application encryption key has been specified. at /home/adin/Documents/belajar/laravel/laravel-sb-admin-2/vendor/laravel/framework/src/Illuminate/Encryption/EncryptionServiceProvider.php:83)
[stacktrace]
#0 /home/adin/Documents/belajar/laravel/laravel-sb-admin-2/vendor/laravel/framework/src/Illuminate/Support/helpers.php(393): Illuminate\\Encryption\\EncryptionServiceProvider->Illuminate\\Encryption\\{closure}()
#1 /home/adin/Documents/belajar/laravel/laravel-sb-admin-2/vendor/laravel/framework/src/Illuminate/Encryption/EncryptionServiceProvider.php(81): tap()
#2 /home/adin/Documents/belajar/laravel/laravel-sb-admin-2/vendor/laravel/framework/src/Illuminate/Encryption/EncryptionServiceProvider.php(64): Illuminate\\Encryption\\EncryptionServiceProvider->key()
#3 /home/adin/Documents/belajar/laravel/laravel-sb-admin-2/vendor/laravel/framework/src/Illuminate/Encryption/EncryptionServiceProvider.php(32): Illuminate\\Encryption\\EncryptionServiceProvider->parseKey()
#4 /home/adin/Documents/belajar/laravel/laravel-sb-admin-2/vendor/laravel/framework/src/Illuminate/Container/Container.php(937): Illuminate\\Encryption\\EncryptionServiceProvider->Illuminate\\Encryption\\{closure}()
#5 /home/adin/Documents/belajar/laravel/laravel-sb-admin-2/vendor/laravel/framework/src/Illuminate/Container/Container.php(819): Illuminate\\Container\\Container->build()
#6 /home/adin/Documents/belajar/laravel/laravel-sb-admin-2/vendor/laravel/framework/src/Illuminate/Foundation/Application.php(1048): Illuminate\\Container\\Container->resolve()
#7 /home/adin/Documents/belajar/laravel/laravel-sb-admin-2/vendor/laravel/framework/src/Illuminate/Container/Container.php(755): Illuminate\\Foundation\\Application->resolve()
#8 /home/adin/Documents/belajar/laravel/laravel-sb-admin-2/vendor/laravel/framework/src/Illuminate/Foundation/Application.php(1030): Illuminate\\Container\\Container->make()
#9 /home/adin/Documents/belajar/laravel/laravel-sb-admin-2/vendor/laravel/framework/src/Illuminate/Container/Container.php(1118): Illuminate\\Foundation\\Application->make()
#10 /home/adin/Documents/belajar/laravel/laravel-sb-admin-2/vendor/laravel/framework/src/Illuminate/Container/Container.php(1028): Illuminate\\Container\\Container->resolveClass()
#11 /home/adin/Documents/belajar/laravel/laravel-sb-admin-2/vendor/laravel/framework/src/Illuminate/Container/Container.php(979): Illuminate\\Container\\Container->resolveDependencies()
#12 /home/adin/Documents/belajar/laravel/laravel-sb-admin-2/vendor/laravel/framework/src/Illuminate/Container/Container.php(819): Illuminate\\Container\\Container->build()
#13 /home/adin/Documents/belajar/laravel/laravel-sb-admin-2/vendor/laravel/framework/src/Illuminate/Foundation/Application.php(1048): Illuminate\\Container\\Container->resolve()
#14 /home/adin/Documents/belajar/laravel/laravel-sb-admin-2/vendor/laravel/framework/src/Illuminate/Container/Container.php(755): Illuminate\\Foundation\\Application->resolve()
#15 /home/adin/Documents/belajar/laravel/laravel-sb-admin-2/vendor/laravel/framework/src/Illuminate/Foundation/Application.php(1030): Illuminate\\Container\\Container->make()
#16 /home/adin/Documents/belajar/laravel/laravel-sb-admin-2/vendor/laravel/framework/src/Illuminate/Foundation/Http/Kernel.php(258): Illuminate\\Foundation\\Application->make()
#17 /home/adin/Documents/belajar/laravel/laravel-sb-admin-2/vendor/laravel/framework/src/Illuminate/Foundation/Http/Kernel.php(216): Illuminate\\Foundation\\Http\\Kernel->terminateMiddleware()
#18 /home/adin/Documents/belajar/laravel/laravel-sb-admin-2/public/index.php(60): Illuminate\\Foundation\\Http\\Kernel->terminate()
#19 /home/adin/Documents/belajar/laravel/laravel-sb-admin-2/server.php(21): require_once('...')
#20 {main}
"} 
[2024-12-03 01:44:16] local.ERROR: Route [teacher] not defined. {"view":{"view":"/home/adin/Documents/belajar/laravel/laravel-sb-admin-2/resources/views/layouts/admin.blade.php","data":[]},"userId":1,"exception":"[object] (Spatie\\LaravelIgnition\\Exceptions\\ViewException(code: 0): Route [teacher] not defined. at /home/adin/Documents/belajar/laravel/laravel-sb-admin-2/vendor/laravel/framework/src/Illuminate/Routing/UrlGenerator.php:516)
[stacktrace]
#0 /home/adin/Documents/belajar/laravel/laravel-sb-admin-2/vendor/laravel/framework/src/Illuminate/Foundation/helpers.php(853): Illuminate\\Routing\\UrlGenerator->route()
#1 /home/adin/Documents/belajar/laravel/laravel-sb-admin-2/resources/views/layouts/admin.blade.php(60): route()
#2 /home/adin/Documents/belajar/laravel/laravel-sb-admin-2/vendor/laravel/framework/src/Illuminate/Filesystem/Filesystem.php(123): require('...')
#3 /home/adin/Documents/belajar/laravel/laravel-sb-admin-2/vendor/laravel/framework/src/Illuminate/Filesystem/Filesystem.php(124): Illuminate\\Filesystem\\Filesystem::Illuminate\\Filesystem\\{closure}()
#4 /home/adin/Documents/belajar/laravel/laravel-sb-admin-2/vendor/laravel/framework/src/Illuminate/View/Engines/PhpEngine.php(58): Illuminate\\Filesystem\\Filesystem->getRequire()
#5 /home/adin/Documents/belajar/laravel/laravel-sb-admin-2/vendor/laravel/framework/src/Illuminate/View/Engines/CompilerEngine.php(74): Illuminate\\View\\Engines\\PhpEngine->evaluatePath()
#6 /home/adin/Documents/belajar/laravel/laravel-sb-admin-2/vendor/laravel/framework/src/Illuminate/View/View.php(209): Illuminate\\View\\Engines\\CompilerEngine->get()
#7 /home/adin/Documents/belajar/laravel/laravel-sb-admin-2/vendor/laravel/framework/src/Illuminate/View/View.php(192): Illuminate\\View\\View->getContents()
#8 /home/adin/Documents/belajar/laravel/laravel-sb-admin-2/vendor/laravel/framework/src/Illuminate/View/View.php(161): Illuminate\\View\\View->renderContents()
#9 /home/adin/Documents/belajar/laravel/laravel-sb-admin-2/resources/views/home.blade.php(220): Illuminate\\View\\View->render()
#10 /home/adin/Documents/belajar/laravel/laravel-sb-admin-2/vendor/laravel/framework/src/Illuminate/Filesystem/Filesystem.php(123): require('...')
#11 /home/adin/Documents/belajar/laravel/laravel-sb-admin-2/vendor/laravel/framework/src/Illuminate/Filesystem/Filesystem.php(124): Illuminate\\Filesystem\\Filesystem::Illuminate\\Filesystem\\{closure}()
#12 /home/adin/Documents/belajar/laravel/laravel-sb-admin-2/vendor/laravel/framework/src/Illuminate/View/Engines/PhpEngine.php(58): Illuminate\\Filesystem\\Filesystem->getRequire()
#13 /home/adin/Documents/belajar/laravel/laravel-sb-admin-2/vendor/laravel/framework/src/Illuminate/View/Engines/CompilerEngine.php(74): Illuminate\\View\\Engines\\PhpEngine->evaluatePath()
#14 /home/adin/Documents/belajar/laravel/laravel-sb-admin-2/vendor/laravel/framework/src/Illuminate/View/View.php(209): Illuminate\\View\\Engines\\CompilerEngine->get()
#15 /home/adin/Documents/belajar/laravel/laravel-sb-admin-2/vendor/laravel/framework/src/Illuminate/View/View.php(192): Illuminate\\View\\View->getContents()
#16 /home/adin/Documents/belajar/laravel/laravel-sb-admin-2/vendor/laravel/framework/src/Illuminate/View/View.php(161): Illuminate\\View\\View->renderContents()
#17 /home/adin/Documents/belajar/laravel/laravel-sb-admin-2/vendor/laravel/framework/src/Illuminate/Http/Response.php(70): Illuminate\\View\\View->render()
#18 /home/adin/Documents/belajar/laravel/laravel-sb-admin-2/vendor/laravel/framework/src/Illuminate/Http/Response.php(35): Illuminate\\Http\\Response->setContent()
#19 /home/adin/Documents/belajar/laravel/laravel-sb-admin-2/vendor/laravel/framework/src/Illuminate/Routing/Router.php(920): Illuminate\\Http\\Response->__construct()
#20 /home/adin/Documents/belajar/laravel/laravel-sb-admin-2/vendor/laravel/framework/src/Illuminate/Routing/Router.php(887): Illuminate\\Routing\\Router::toResponse()
#21 /home/adin/Documents/belajar/laravel/laravel-sb-admin-2/vendor/laravel/framework/src/Illuminate/Routing/Router.php(807): Illuminate\\Routing\\Router->prepareResponse()
#22 /home/adin/Documents/belajar/laravel/laravel-sb-admin-2/vendor/laravel/framework/src/Illuminate/Pipeline/Pipeline.php(144): Illuminate\\Routing\\Router->Illuminate\\Routing\\{closure}()
#23 /home/adin/Documents/belajar/laravel/laravel-sb-admin-2/vendor/laravel/framework/src/Illuminate/Routing/Middleware/SubstituteBindings.php(51): Illuminate\\Pipeline\\Pipeline->Illuminate\\Pipeline\\{closure}()
#24 /home/adin/Documents/belajar/laravel/laravel-sb-admin-2/vendor/laravel/framework/src/Illuminate/Pipeline/Pipeline.php(183): Illuminate\\Routing\\Middleware\\SubstituteBindings->handle()
#25 /home/adin/Documents/belajar/laravel/laravel-sb-admin-2/vendor/laravel/framework/src/Illuminate/Auth/Middleware/Authenticate.php(64): Illuminate\\Pipeline\\Pipeline->Illuminate\\Pipeline\\{closure}()
#26 /home/adin/Documents/belajar/laravel/laravel-sb-admin-2/vendor/laravel/framework/src/Illuminate/Pipeline/Pipeline.php(183): Illuminate\\Auth\\Middleware\\Authenticate->handle()
#27 /home/adin/Documents/belajar/laravel/laravel-sb-admin-2/vendor/laravel/framework/src/Illuminate/Foundation/Http/Middleware/VerifyCsrfToken.php(88): Illuminate\\Pipeline\\Pipeline->Illuminate\\Pipeline\\{closure}()
#28 /home/adin/Documents/belajar/laravel/laravel-sb-admin-2/vendor/laravel/framework/src/Illuminate/Pipeline/Pipeline.php(183): Illuminate\\Foundation\\Http\\Middleware\\VerifyCsrfToken->handle()
#29 /home/adin/Documents/belajar/laravel/laravel-sb-admin-2/vendor/laravel/framework/src/Illuminate/View/Middleware/ShareErrorsFromSession.php(49): Illuminate\\Pipeline\\Pipeline->Illuminate\\Pipeline\\{closure}()
#30 /home/adin/Documents/belajar/laravel/laravel-sb-admin-2/vendor/laravel/framework/src/Illuminate/Pipeline/Pipeline.php(183): Illuminate\\View\\Middleware\\ShareErrorsFromSession->handle()
#31 /home/adin/Documents/belajar/laravel/laravel-sb-admin-2/vendor/laravel/framework/src/Illuminate/Session/Middleware/StartSession.php(121): Illuminate\\Pipeline\\Pipeline->Illuminate\\Pipeline\\{closure}()
#32 /home/adin/Documents/belajar/laravel/laravel-sb-admin-2/vendor/laravel/framework/src/Illuminate/Session/Middleware/StartSession.php(64): Illuminate\\Session\\Middleware\\StartSession->handleStatefulRequest()
#33 /home/adin/Documents/belajar/laravel/laravel-sb-admin-2/vendor/laravel/framework/src/Illuminate/Pipeline/Pipeline.php(183): Illuminate\\Session\\Middleware\\StartSession->handle()
#34 /home/adin/Documents/belajar/laravel/laravel-sb-admin-2/vendor/laravel/framework/src/Illuminate/Cookie/Middleware/AddQueuedCookiesToResponse.php(37): Illuminate\\Pipeline\\Pipeline->Illuminate\\Pipeline\\{closure}()
#35 /home/adin/Documents/belajar/laravel/laravel-sb-admin-2/vendor/laravel/framework/src/Illuminate/Pipeline/Pipeline.php(183): Illuminate\\Cookie\\Middleware\\AddQueuedCookiesToResponse->handle()
#36 /home/adin/Documents/belajar/laravel/laravel-sb-admin-2/vendor/laravel/framework/src/Illuminate/Cookie/Middleware/EncryptCookies.php(75): Illuminate\\Pipeline\\Pipeline->Illuminate\\Pipeline\\{closure}()
#37 /home/adin/Documents/belajar/laravel/laravel-sb-admin-2/vendor/laravel/framework/src/Illuminate/Pipeline/Pipeline.php(183): Illuminate\\Cookie\\Middleware\\EncryptCookies->handle()
#38 /home/adin/Documents/belajar/laravel/laravel-sb-admin-2/vendor/laravel/framework/src/Illuminate/Pipeline/Pipeline.php(119): Illuminate\\Pipeline\\Pipeline->Illuminate\\Pipeline\\{closure}()
#39 /home/adin/Documents/belajar/laravel/laravel-sb-admin-2/vendor/laravel/framework/src/Illuminate/Routing/Router.php(807): Illuminate\\Pipeline\\Pipeline->then()
#40 /home/adin/Documents/belajar/laravel/laravel-sb-admin-2/vendor/laravel/framework/src/Illuminate/Routing/Router.php(786): Illuminate\\Routing\\Router->runRouteWithinStack()
#41 /home/adin/Documents/belajar/laravel/laravel-sb-admin-2/vendor/laravel/framework/src/Illuminate/Routing/Router.php(750): Illuminate\\Routing\\Router->runRoute()
#42 /home/adin/Documents/belajar/laravel/laravel-sb-admin-2/vendor/laravel/framework/src/Illuminate/Routing/Router.php(739): Illuminate\\Routing\\Router->dispatchToRoute()
#43 /home/adin/Documents/belajar/laravel/laravel-sb-admin-2/vendor/laravel/framework/src/Illuminate/Foundation/Http/Kernel.php(201): Illuminate\\Routing\\Router->dispatch()
#44 /home/adin/Documents/belajar/laravel/laravel-sb-admin-2/vendor/laravel/framework/src/Illuminate/Pipeline/Pipeline.php(144): Illuminate\\Foundation\\Http\\Kernel->Illuminate\\Foundation\\Http\\{closure}()
#45 /home/adin/Documents/belajar/laravel/laravel-sb-admin-2/vendor/laravel/framework/src/Illuminate/Foundation/Http/Middleware/TransformsRequest.php(21): Illuminate\\Pipeline\\Pipeline->Illuminate\\Pipeline\\{closure}()
#46 /home/adin/Documents/belajar/laravel/laravel-sb-admin-2/vendor/laravel/framework/src/Illuminate/Foundation/Http/Middleware/ConvertEmptyStringsToNull.php(31): Illuminate\\Foundation\\Http\\Middleware\\TransformsRequest->handle()
#47 /home/adin/Documents/belajar/laravel/laravel-sb-admin-2/vendor/laravel/framework/src/Illuminate/Pipeline/Pipeline.php(183): Illuminate\\Foundation\\Http\\Middleware\\ConvertEmptyStringsToNull->handle()
#48 /home/adin/Documents/belajar/laravel/laravel-sb-admin-2/vendor/laravel/framework/src/Illuminate/Foundation/Http/Middleware/TransformsRequest.php(21): Illuminate\\Pipeline\\Pipeline->Illuminate\\Pipeline\\{closure}()
#49 /home/adin/Documents/belajar/laravel/laravel-sb-admin-2/vendor/laravel/framework/src/Illuminate/Foundation/Http/Middleware/TrimStrings.php(51): Illuminate\\Foundation\\Http\\Middleware\\TransformsRequest->handle()
#50 /home/adin/Documents/belajar/laravel/laravel-sb-admin-2/vendor/laravel/framework/src/Illuminate/Pipeline/Pipeline.php(183): Illuminate\\Foundation\\Http\\Middleware\\TrimStrings->handle()
#51 /home/adin/Documents/belajar/laravel/laravel-sb-admin-2/vendor/laravel/framework/src/Illuminate/Http/Middleware/ValidatePostSize.php(27): Illuminate\\Pipeline\\Pipeline->Illuminate\\Pipeline\\{closure}()
#52 /home/adin/Documents/belajar/laravel/laravel-sb-admin-2/vendor/laravel/framework/src/Illuminate/Pipeline/Pipeline.php(183): Illuminate\\Http\\Middleware\\ValidatePostSize->handle()
#53 /home/adin/Documents/belajar/laravel/laravel-sb-admin-2/vendor/laravel/framework/src/Illuminate/Foundation/Http/Middleware/PreventRequestsDuringMaintenance.php(110): Illuminate\\Pipeline\\Pipeline->Illuminate\\Pipeline\\{closure}()
#54 /home/adin/Documents/belajar/laravel/laravel-sb-admin-2/vendor/laravel/framework/src/Illuminate/Pipeline/Pipeline.php(183): Illuminate\\Foundation\\Http\\Middleware\\PreventRequestsDuringMaintenance->handle()
#55 /home/adin/Documents/belajar/laravel/laravel-sb-admin-2/vendor/laravel/framework/src/Illuminate/Http/Middleware/HandleCors.php(49): Illuminate\\Pipeline\\Pipeline->Illuminate\\Pipeline\\{closure}()
#56 /home/adin/Documents/belajar/laravel/laravel-sb-admin-2/vendor/laravel/framework/src/Illuminate/Pipeline/Pipeline.php(183): Illuminate\\Http\\Middleware\\HandleCors->handle()
#57 /home/adin/Documents/belajar/laravel/laravel-sb-admin-2/vendor/laravel/framework/src/Illuminate/Http/Middleware/TrustProxies.php(58): Illuminate\\Pipeline\\Pipeline->Illuminate\\Pipeline\\{closure}()
#58 /home/adin/Documents/belajar/laravel/laravel-sb-admin-2/vendor/laravel/framework/src/Illuminate/Pipeline/Pipeline.php(183): Illuminate\\Http\\Middleware\\TrustProxies->handle()
#59 /home/adin/Documents/belajar/laravel/laravel-sb-admin-2/vendor/laravel/framework/src/Illuminate/Pipeline/Pipeline.php(119): Illuminate\\Pipeline\\Pipeline->Illuminate\\Pipeline\\{closure}()
#60 /home/adin/Documents/belajar/laravel/laravel-sb-admin-2/vendor/laravel/framework/src/Illuminate/Foundation/Http/Kernel.php(176): Illuminate\\Pipeline\\Pipeline->then()
#61 /home/adin/Documents/belajar/laravel/laravel-sb-admin-2/vendor/laravel/framework/src/Illuminate/Foundation/Http/Kernel.php(145): Illuminate\\Foundation\\Http\\Kernel->sendRequestThroughRouter()
#62 /home/adin/Documents/belajar/laravel/laravel-sb-admin-2/public/index.php(54): Illuminate\\Foundation\\Http\\Kernel->handle()
#63 /home/adin/Documents/belajar/laravel/laravel-sb-admin-2/server.php(21): require_once('...')
#64 {main}

[previous exception] [object] (Symfony\\Component\\Routing\\Exception\\RouteNotFoundException(code: 0): Route [teacher] not defined. at /home/adin/Documents/belajar/laravel/laravel-sb-admin-2/vendor/laravel/framework/src/Illuminate/Routing/UrlGenerator.php:516)
[stacktrace]
#0 /home/adin/Documents/belajar/laravel/laravel-sb-admin-2/vendor/laravel/framework/src/Illuminate/Foundation/helpers.php(853): Illuminate\\Routing\\UrlGenerator->route()
#1 /home/adin/Documents/belajar/laravel/laravel-sb-admin-2/storage/framework/views/c455625647ebc0f4f5df11875b76a781.php(61): route()
#2 /home/adin/Documents/belajar/laravel/laravel-sb-admin-2/vendor/laravel/framework/src/Illuminate/Filesystem/Filesystem.php(123): require('...')
#3 /home/adin/Documents/belajar/laravel/laravel-sb-admin-2/vendor/laravel/framework/src/Illuminate/Filesystem/Filesystem.php(124): Illuminate\\Filesystem\\Filesystem::Illuminate\\Filesystem\\{closure}()
#4 /home/adin/Documents/belajar/laravel/laravel-sb-admin-2/vendor/laravel/framework/src/Illuminate/View/Engines/PhpEngine.php(58): Illuminate\\Filesystem\\Filesystem->getRequire()
#5 /home/adin/Documents/belajar/laravel/laravel-sb-admin-2/vendor/laravel/framework/src/Illuminate/View/Engines/CompilerEngine.php(74): Illuminate\\View\\Engines\\PhpEngine->evaluatePath()
#6 /home/adin/Documents/belajar/laravel/laravel-sb-admin-2/vendor/laravel/framework/src/Illuminate/View/View.php(209): Illuminate\\View\\Engines\\CompilerEngine->get()
#7 /home/adin/Documents/belajar/laravel/laravel-sb-admin-2/vendor/laravel/framework/src/Illuminate/View/View.php(192): Illuminate\\View\\View->getContents()
#8 /home/adin/Documents/belajar/laravel/laravel-sb-admin-2/vendor/laravel/framework/src/Illuminate/View/View.php(161): Illuminate\\View\\View->renderContents()
#9 /home/adin/Documents/belajar/laravel/laravel-sb-admin-2/storage/framework/views/f7a58bb9602f67f81afd7fa8c4ddbdd8.php(222): Illuminate\\View\\View->render()
#10 /home/adin/Documents/belajar/laravel/laravel-sb-admin-2/vendor/laravel/framework/src/Illuminate/Filesystem/Filesystem.php(123): require('...')
#11 /home/adin/Documents/belajar/laravel/laravel-sb-admin-2/vendor/laravel/framework/src/Illuminate/Filesystem/Filesystem.php(124): Illuminate\\Filesystem\\Filesystem::Illuminate\\Filesystem\\{closure}()
#12 /home/adin/Documents/belajar/laravel/laravel-sb-admin-2/vendor/laravel/framework/src/Illuminate/View/Engines/PhpEngine.php(58): Illuminate\\Filesystem\\Filesystem->getRequire()
#13 /home/adin/Documents/belajar/laravel/laravel-sb-admin-2/vendor/laravel/framework/src/Illuminate/View/Engines/CompilerEngine.php(74): Illuminate\\View\\Engines\\PhpEngine->evaluatePath()
#14 /home/adin/Documents/belajar/laravel/laravel-sb-admin-2/vendor/laravel/framework/src/Illuminate/View/View.php(209): Illuminate\\View\\Engines\\CompilerEngine->get()
#15 /home/adin/Documents/belajar/laravel/laravel-sb-admin-2/vendor/laravel/framework/src/Illuminate/View/View.php(192): Illuminate\\View\\View->getContents()
#16 /home/adin/Documents/belajar/laravel/laravel-sb-admin-2/vendor/laravel/framework/src/Illuminate/View/View.php(161): Illuminate\\View\\View->renderContents()
#17 /home/adin/Documents/belajar/laravel/laravel-sb-admin-2/vendor/laravel/framework/src/Illuminate/Http/Response.php(70): Illuminate\\View\\View->render()
#18 /home/adin/Documents/belajar/laravel/laravel-sb-admin-2/vendor/laravel/framework/src/Illuminate/Http/Response.php(35): Illuminate\\Http\\Response->setContent()
#19 /home/adin/Documents/belajar/laravel/laravel-sb-admin-2/vendor/laravel/framework/src/Illuminate/Routing/Router.php(920): Illuminate\\Http\\Response->__construct()
#20 /home/adin/Documents/belajar/laravel/laravel-sb-admin-2/vendor/laravel/framework/src/Illuminate/Routing/Router.php(887): Illuminate\\Routing\\Router::toResponse()
#21 /home/adin/Documents/belajar/laravel/laravel-sb-admin-2/vendor/laravel/framework/src/Illuminate/Routing/Router.php(807): Illuminate\\Routing\\Router->prepareResponse()
#22 /home/adin/Documents/belajar/laravel/laravel-sb-admin-2/vendor/laravel/framework/src/Illuminate/Pipeline/Pipeline.php(144): Illuminate\\Routing\\Router->Illuminate\\Routing\\{closure}()
#23 /home/adin/Documents/belajar/laravel/laravel-sb-admin-2/vendor/laravel/framework/src/Illuminate/Routing/Middleware/SubstituteBindings.php(51): Illuminate\\Pipeline\\Pipeline->Illuminate\\Pipeline\\{closure}()
#24 /home/adin/Documents/belajar/laravel/laravel-sb-admin-2/vendor/laravel/framework/src/Illuminate/Pipeline/Pipeline.php(183): Illuminate\\Routing\\Middleware\\SubstituteBindings->handle()
#25 /home/adin/Documents/belajar/laravel/laravel-sb-admin-2/vendor/laravel/framework/src/Illuminate/Auth/Middleware/Authenticate.php(64): Illuminate\\Pipeline\\Pipeline->Illuminate\\Pipeline\\{closure}()
#26 /home/adin/Documents/belajar/laravel/laravel-sb-admin-2/vendor/laravel/framework/src/Illuminate/Pipeline/Pipeline.php(183): Illuminate\\Auth\\Middleware\\Authenticate->handle()
#27 /home/adin/Documents/belajar/laravel/laravel-sb-admin-2/vendor/laravel/framework/src/Illuminate/Foundation/Http/Middleware/VerifyCsrfToken.php(88): Illuminate\\Pipeline\\Pipeline->Illuminate\\Pipeline\\{closure}()
#28 /home/adin/Documents/belajar/laravel/laravel-sb-admin-2/vendor/laravel/framework/src/Illuminate/Pipeline/Pipeline.php(183): Illuminate\\Foundation\\Http\\Middleware\\VerifyCsrfToken->handle()
#29 /home/adin/Documents/belajar/laravel/laravel-sb-admin-2/vendor/laravel/framework/src/Illuminate/View/Middleware/ShareErrorsFromSession.php(49): Illuminate\\Pipeline\\Pipeline->Illuminate\\Pipeline\\{closure}()
#30 /home/adin/Documents/belajar/laravel/laravel-sb-admin-2/vendor/laravel/framework/src/Illuminate/Pipeline/Pipeline.php(183): Illuminate\\View\\Middleware\\ShareErrorsFromSession->handle()
#31 /home/adin/Documents/belajar/laravel/laravel-sb-admin-2/vendor/laravel/framework/src/Illuminate/Session/Middleware/StartSession.php(121): Illuminate\\Pipeline\\Pipeline->Illuminate\\Pipeline\\{closure}()
#32 /home/adin/Documents/belajar/laravel/laravel-sb-admin-2/vendor/laravel/framework/src/Illuminate/Session/Middleware/StartSession.php(64): Illuminate\\Session\\Middleware\\StartSession->handleStatefulRequest()
#33 /home/adin/Documents/belajar/laravel/laravel-sb-admin-2/vendor/laravel/framework/src/Illuminate/Pipeline/Pipeline.php(183): Illuminate\\Session\\Middleware\\StartSession->handle()
#34 /home/adin/Documents/belajar/laravel/laravel-sb-admin-2/vendor/laravel/framework/src/Illuminate/Cookie/Middleware/AddQueuedCookiesToResponse.php(37): Illuminate\\Pipeline\\Pipeline->Illuminate\\Pipeline\\{closure}()
#35 /home/adin/Documents/belajar/laravel/laravel-sb-admin-2/vendor/laravel/framework/src/Illuminate/Pipeline/Pipeline.php(183): Illuminate\\Cookie\\Middleware\\AddQueuedCookiesToResponse->handle()
#36 /home/adin/Documents/belajar/laravel/laravel-sb-admin-2/vendor/laravel/framework/src/Illuminate/Cookie/Middleware/EncryptCookies.php(75): Illuminate\\Pipeline\\Pipeline->Illuminate\\Pipeline\\{closure}()
#37 /home/adin/Documents/belajar/laravel/laravel-sb-admin-2/vendor/laravel/framework/src/Illuminate/Pipeline/Pipeline.php(183): Illuminate\\Cookie\\Middleware\\EncryptCookies->handle()
#38 /home/adin/Documents/belajar/laravel/laravel-sb-admin-2/vendor/laravel/framework/src/Illuminate/Pipeline/Pipeline.php(119): Illuminate\\Pipeline\\Pipeline->Illuminate\\Pipeline\\{closure}()
#39 /home/adin/Documents/belajar/laravel/laravel-sb-admin-2/vendor/laravel/framework/src/Illuminate/Routing/Router.php(807): Illuminate\\Pipeline\\Pipeline->then()
#40 /home/adin/Documents/belajar/laravel/laravel-sb-admin-2/vendor/laravel/framework/src/Illuminate/Routing/Router.php(786): Illuminate\\Routing\\Router->runRouteWithinStack()
#41 /home/adin/Documents/belajar/laravel/laravel-sb-admin-2/vendor/laravel/framework/src/Illuminate/Routing/Router.php(750): Illuminate\\Routing\\Router->runRoute()
#42 /home/adin/Documents/belajar/laravel/laravel-sb-admin-2/vendor/laravel/framework/src/Illuminate/Routing/Router.php(739): Illuminate\\Routing\\Router->dispatchToRoute()
#43 /home/adin/Documents/belajar/laravel/laravel-sb-admin-2/vendor/laravel/framework/src/Illuminate/Foundation/Http/Kernel.php(201): Illuminate\\Routing\\Router->dispatch()
#44 /home/adin/Documents/belajar/laravel/laravel-sb-admin-2/vendor/laravel/framework/src/Illuminate/Pipeline/Pipeline.php(144): Illuminate\\Foundation\\Http\\Kernel->Illuminate\\Foundation\\Http\\{closure}()
#45 /home/adin/Documents/belajar/laravel/laravel-sb-admin-2/vendor/laravel/framework/src/Illuminate/Foundation/Http/Middleware/TransformsRequest.php(21): Illuminate\\Pipeline\\Pipeline->Illuminate\\Pipeline\\{closure}()
#46 /home/adin/Documents/belajar/laravel/laravel-sb-admin-2/vendor/laravel/framework/src/Illuminate/Foundation/Http/Middleware/ConvertEmptyStringsToNull.php(31): Illuminate\\Foundation\\Http\\Middleware\\TransformsRequest->handle()
#47 /home/adin/Documents/belajar/laravel/laravel-sb-admin-2/vendor/laravel/framework/src/Illuminate/Pipeline/Pipeline.php(183): Illuminate\\Foundation\\Http\\Middleware\\ConvertEmptyStringsToNull->handle()
#48 /home/adin/Documents/belajar/laravel/laravel-sb-admin-2/vendor/laravel/framework/src/Illuminate/Foundation/Http/Middleware/TransformsRequest.php(21): Illuminate\\Pipeline\\Pipeline->Illuminate\\Pipeline\\{closure}()
#49 /home/adin/Documents/belajar/laravel/laravel-sb-admin-2/vendor/laravel/framework/src/Illuminate/Foundation/Http/Middleware/TrimStrings.php(51): Illuminate\\Foundation\\Http\\Middleware\\TransformsRequest->handle()
#50 /home/adin/Documents/belajar/laravel/laravel-sb-admin-2/vendor/laravel/framework/src/Illuminate/Pipeline/Pipeline.php(183): Illuminate\\Foundation\\Http\\Middleware\\TrimStrings->handle()
#51 /home/adin/Documents/belajar/laravel/laravel-sb-admin-2/vendor/laravel/framework/src/Illuminate/Http/Middleware/ValidatePostSize.php(27): Illuminate\\Pipeline\\Pipeline->Illuminate\\Pipeline\\{closure}()
#52 /home/adin/Documents/belajar/laravel/laravel-sb-admin-2/vendor/laravel/framework/src/Illuminate/Pipeline/Pipeline.php(183): Illuminate\\Http\\Middleware\\ValidatePostSize->handle()
#53 /home/adin/Documents/belajar/laravel/laravel-sb-admin-2/vendor/laravel/framework/src/Illuminate/Foundation/Http/Middleware/PreventRequestsDuringMaintenance.php(110): Illuminate\\Pipeline\\Pipeline->Illuminate\\Pipeline\\{closure}()
#54 /home/adin/Documents/belajar/laravel/laravel-sb-admin-2/vendor/laravel/framework/src/Illuminate/Pipeline/Pipeline.php(183): Illuminate\\Foundation\\Http\\Middleware\\PreventRequestsDuringMaintenance->handle()
#55 /home/adin/Documents/belajar/laravel/laravel-sb-admin-2/vendor/laravel/framework/src/Illuminate/Http/Middleware/HandleCors.php(49): Illuminate\\Pipeline\\Pipeline->Illuminate\\Pipeline\\{closure}()
#56 /home/adin/Documents/belajar/laravel/laravel-sb-admin-2/vendor/laravel/framework/src/Illuminate/Pipeline/Pipeline.php(183): Illuminate\\Http\\Middleware\\HandleCors->handle()
#57 /home/adin/Documents/belajar/laravel/laravel-sb-admin-2/vendor/laravel/framework/src/Illuminate/Http/Middleware/TrustProxies.php(58): Illuminate\\Pipeline\\Pipeline->Illuminate\\Pipeline\\{closure}()
#58 /home/adin/Documents/belajar/laravel/laravel-sb-admin-2/vendor/laravel/framework/src/Illuminate/Pipeline/Pipeline.php(183): Illuminate\\Http\\Middleware\\TrustProxies->handle()
#59 /home/adin/Documents/belajar/laravel/laravel-sb-admin-2/vendor/laravel/framework/src/Illuminate/Pipeline/Pipeline.php(119): Illuminate\\Pipeline\\Pipeline->Illuminate\\Pipeline\\{closure}()
#60 /home/adin/Documents/belajar/laravel/laravel-sb-admin-2/vendor/laravel/framework/src/Illuminate/Foundation/Http/Kernel.php(176): Illuminate\\Pipeline\\Pipeline->then()
#61 /home/adin/Documents/belajar/laravel/laravel-sb-admin-2/vendor/laravel/framework/src/Illuminate/Foundation/Http/Kernel.php(145): Illuminate\\Foundation\\Http\\Kernel->sendRequestThroughRouter()
#62 /home/adin/Documents/belajar/laravel/laravel-sb-admin-2/public/index.php(54): Illuminate\\Foundation\\Http\\Kernel->handle()
#63 /home/adin/Documents/belajar/laravel/laravel-sb-admin-2/server.php(21): require_once('...')
#64 {main}
"} 
[2024-12-03 01:46:02] local.ERROR: Command "make:teacher" is not defined.

Did you mean one of these?
    make:cache-table
    make:cast
    make:channel
    make:class
    make:command
    make:component
    make:controller
    make:enum
    make:event
    make:exception
    make:factory
    make:interface
    make:job
    make:job-middleware
    make:listener
    make:mail
    make:middleware
    make:migration
    make:model
    make:notification
    make:notifications-table
    make:observer
    make:policy
    make:provider
    make:queue-batches-table
    make:queue-failed-table
    make:queue-table
    make:request
    make:resource
    make:rule
    make:scope
    make:seeder
    make:session-table
    make:test
    make:trait
    make:view {"exception":"[object] (Symfony\\Component\\Console\\Exception\\CommandNotFoundException(code: 0): Command \"make:teacher\" is not defined.

Did you mean one of these?
    make:cache-table
    make:cast
    make:channel
    make:class
    make:command
    make:component
    make:controller
    make:enum
    make:event
    make:exception
    make:factory
    make:interface
    make:job
    make:job-middleware
    make:listener
    make:mail
    make:middleware
    make:migration
    make:model
    make:notification
    make:notifications-table
    make:observer
    make:policy
    make:provider
    make:queue-batches-table
    make:queue-failed-table
    make:queue-table
    make:request
    make:resource
    make:rule
    make:scope
    make:seeder
    make:session-table
    make:test
    make:trait
    make:view at /home/adin/Documents/belajar/laravel/laravel-sb-admin-2/vendor/symfony/console/Application.php:726)
[stacktrace]
#0 /home/adin/Documents/belajar/laravel/laravel-sb-admin-2/vendor/symfony/console/Application.php(284): Symfony\\Component\\Console\\Application->find()
#1 /home/adin/Documents/belajar/laravel/laravel-sb-admin-2/vendor/symfony/console/Application.php(193): Symfony\\Component\\Console\\Application->doRun()
#2 /home/adin/Documents/belajar/laravel/laravel-sb-admin-2/vendor/laravel/framework/src/Illuminate/Foundation/Console/Kernel.php(197): Symfony\\Component\\Console\\Application->run()
#3 /home/adin/Documents/belajar/laravel/laravel-sb-admin-2/artisan(35): Illuminate\\Foundation\\Console\\Kernel->handle()
#4 {main}
"} 
[2024-12-03 01:51:39] local.ERROR: Route [teacher] not defined. {"view":{"view":"/home/adin/Documents/belajar/laravel/laravel-sb-admin-2/resources/views/layouts/admin.blade.php","data":[]},"userId":1,"exception":"[object] (Spatie\\LaravelIgnition\\Exceptions\\ViewException(code: 0): Route [teacher] not defined. at /home/adin/Documents/belajar/laravel/laravel-sb-admin-2/vendor/laravel/framework/src/Illuminate/Routing/UrlGenerator.php:516)
[stacktrace]
#0 /home/adin/Documents/belajar/laravel/laravel-sb-admin-2/vendor/laravel/framework/src/Illuminate/Foundation/helpers.php(853): Illuminate\\Routing\\UrlGenerator->route()
#1 /home/adin/Documents/belajar/laravel/laravel-sb-admin-2/resources/views/layouts/admin.blade.php(60): route()
#2 /home/adin/Documents/belajar/laravel/laravel-sb-admin-2/vendor/laravel/framework/src/Illuminate/Filesystem/Filesystem.php(123): require('...')
#3 /home/adin/Documents/belajar/laravel/laravel-sb-admin-2/vendor/laravel/framework/src/Illuminate/Filesystem/Filesystem.php(124): Illuminate\\Filesystem\\Filesystem::Illuminate\\Filesystem\\{closure}()
#4 /home/adin/Documents/belajar/laravel/laravel-sb-admin-2/vendor/laravel/framework/src/Illuminate/View/Engines/PhpEngine.php(58): Illuminate\\Filesystem\\Filesystem->getRequire()
#5 /home/adin/Documents/belajar/laravel/laravel-sb-admin-2/vendor/laravel/framework/src/Illuminate/View/Engines/CompilerEngine.php(74): Illuminate\\View\\Engines\\PhpEngine->evaluatePath()
#6 /home/adin/Documents/belajar/laravel/laravel-sb-admin-2/vendor/laravel/framework/src/Illuminate/View/View.php(209): Illuminate\\View\\Engines\\CompilerEngine->get()
#7 /home/adin/Documents/belajar/laravel/laravel-sb-admin-2/vendor/laravel/framework/src/Illuminate/View/View.php(192): Illuminate\\View\\View->getContents()
#8 /home/adin/Documents/belajar/laravel/laravel-sb-admin-2/vendor/laravel/framework/src/Illuminate/View/View.php(161): Illuminate\\View\\View->renderContents()
#9 /home/adin/Documents/belajar/laravel/laravel-sb-admin-2/resources/views/home.blade.php(220): Illuminate\\View\\View->render()
#10 /home/adin/Documents/belajar/laravel/laravel-sb-admin-2/vendor/laravel/framework/src/Illuminate/Filesystem/Filesystem.php(123): require('...')
#11 /home/adin/Documents/belajar/laravel/laravel-sb-admin-2/vendor/laravel/framework/src/Illuminate/Filesystem/Filesystem.php(124): Illuminate\\Filesystem\\Filesystem::Illuminate\\Filesystem\\{closure}()
#12 /home/adin/Documents/belajar/laravel/laravel-sb-admin-2/vendor/laravel/framework/src/Illuminate/View/Engines/PhpEngine.php(58): Illuminate\\Filesystem\\Filesystem->getRequire()
#13 /home/adin/Documents/belajar/laravel/laravel-sb-admin-2/vendor/laravel/framework/src/Illuminate/View/Engines/CompilerEngine.php(74): Illuminate\\View\\Engines\\PhpEngine->evaluatePath()
#14 /home/adin/Documents/belajar/laravel/laravel-sb-admin-2/vendor/laravel/framework/src/Illuminate/View/View.php(209): Illuminate\\View\\Engines\\CompilerEngine->get()
#15 /home/adin/Documents/belajar/laravel/laravel-sb-admin-2/vendor/laravel/framework/src/Illuminate/View/View.php(192): Illuminate\\View\\View->getContents()
#16 /home/adin/Documents/belajar/laravel/laravel-sb-admin-2/vendor/laravel/framework/src/Illuminate/View/View.php(161): Illuminate\\View\\View->renderContents()
#17 /home/adin/Documents/belajar/laravel/laravel-sb-admin-2/vendor/laravel/framework/src/Illuminate/Http/Response.php(70): Illuminate\\View\\View->render()
#18 /home/adin/Documents/belajar/laravel/laravel-sb-admin-2/vendor/laravel/framework/src/Illuminate/Http/Response.php(35): Illuminate\\Http\\Response->setContent()
#19 /home/adin/Documents/belajar/laravel/laravel-sb-admin-2/vendor/laravel/framework/src/Illuminate/Routing/Router.php(920): Illuminate\\Http\\Response->__construct()
#20 /home/adin/Documents/belajar/laravel/laravel-sb-admin-2/vendor/laravel/framework/src/Illuminate/Routing/Router.php(887): Illuminate\\Routing\\Router::toResponse()
#21 /home/adin/Documents/belajar/laravel/laravel-sb-admin-2/vendor/laravel/framework/src/Illuminate/Routing/Router.php(807): Illuminate\\Routing\\Router->prepareResponse()
#22 /home/adin/Documents/belajar/laravel/laravel-sb-admin-2/vendor/laravel/framework/src/Illuminate/Pipeline/Pipeline.php(144): Illuminate\\Routing\\Router->Illuminate\\Routing\\{closure}()
#23 /home/adin/Documents/belajar/laravel/laravel-sb-admin-2/vendor/laravel/framework/src/Illuminate/Routing/Middleware/SubstituteBindings.php(51): Illuminate\\Pipeline\\Pipeline->Illuminate\\Pipeline\\{closure}()
#24 /home/adin/Documents/belajar/laravel/laravel-sb-admin-2/vendor/laravel/framework/src/Illuminate/Pipeline/Pipeline.php(183): Illuminate\\Routing\\Middleware\\SubstituteBindings->handle()
#25 /home/adin/Documents/belajar/laravel/laravel-sb-admin-2/vendor/laravel/framework/src/Illuminate/Auth/Middleware/Authenticate.php(64): Illuminate\\Pipeline\\Pipeline->Illuminate\\Pipeline\\{closure}()
#26 /home/adin/Documents/belajar/laravel/laravel-sb-admin-2/vendor/laravel/framework/src/Illuminate/Pipeline/Pipeline.php(183): Illuminate\\Auth\\Middleware\\Authenticate->handle()
#27 /home/adin/Documents/belajar/laravel/laravel-sb-admin-2/vendor/laravel/framework/src/Illuminate/Foundation/Http/Middleware/VerifyCsrfToken.php(88): Illuminate\\Pipeline\\Pipeline->Illuminate\\Pipeline\\{closure}()
#28 /home/adin/Documents/belajar/laravel/laravel-sb-admin-2/vendor/laravel/framework/src/Illuminate/Pipeline/Pipeline.php(183): Illuminate\\Foundation\\Http\\Middleware\\VerifyCsrfToken->handle()
#29 /home/adin/Documents/belajar/laravel/laravel-sb-admin-2/vendor/laravel/framework/src/Illuminate/View/Middleware/ShareErrorsFromSession.php(49): Illuminate\\Pipeline\\Pipeline->Illuminate\\Pipeline\\{closure}()
#30 /home/adin/Documents/belajar/laravel/laravel-sb-admin-2/vendor/laravel/framework/src/Illuminate/Pipeline/Pipeline.php(183): Illuminate\\View\\Middleware\\ShareErrorsFromSession->handle()
#31 /home/adin/Documents/belajar/laravel/laravel-sb-admin-2/vendor/laravel/framework/src/Illuminate/Session/Middleware/StartSession.php(121): Illuminate\\Pipeline\\Pipeline->Illuminate\\Pipeline\\{closure}()
#32 /home/adin/Documents/belajar/laravel/laravel-sb-admin-2/vendor/laravel/framework/src/Illuminate/Session/Middleware/StartSession.php(64): Illuminate\\Session\\Middleware\\StartSession->handleStatefulRequest()
#33 /home/adin/Documents/belajar/laravel/laravel-sb-admin-2/vendor/laravel/framework/src/Illuminate/Pipeline/Pipeline.php(183): Illuminate\\Session\\Middleware\\StartSession->handle()
#34 /home/adin/Documents/belajar/laravel/laravel-sb-admin-2/vendor/laravel/framework/src/Illuminate/Cookie/Middleware/AddQueuedCookiesToResponse.php(37): Illuminate\\Pipeline\\Pipeline->Illuminate\\Pipeline\\{closure}()
#35 /home/adin/Documents/belajar/laravel/laravel-sb-admin-2/vendor/laravel/framework/src/Illuminate/Pipeline/Pipeline.php(183): Illuminate\\Cookie\\Middleware\\AddQueuedCookiesToResponse->handle()
#36 /home/adin/Documents/belajar/laravel/laravel-sb-admin-2/vendor/laravel/framework/src/Illuminate/Cookie/Middleware/EncryptCookies.php(75): Illuminate\\Pipeline\\Pipeline->Illuminate\\Pipeline\\{closure}()
#37 /home/adin/Documents/belajar/laravel/laravel-sb-admin-2/vendor/laravel/framework/src/Illuminate/Pipeline/Pipeline.php(183): Illuminate\\Cookie\\Middleware\\EncryptCookies->handle()
#38 /home/adin/Documents/belajar/laravel/laravel-sb-admin-2/vendor/laravel/framework/src/Illuminate/Pipeline/Pipeline.php(119): Illuminate\\Pipeline\\Pipeline->Illuminate\\Pipeline\\{closure}()
#39 /home/adin/Documents/belajar/laravel/laravel-sb-admin-2/vendor/laravel/framework/src/Illuminate/Routing/Router.php(807): Illuminate\\Pipeline\\Pipeline->then()
#40 /home/adin/Documents/belajar/laravel/laravel-sb-admin-2/vendor/laravel/framework/src/Illuminate/Routing/Router.php(786): Illuminate\\Routing\\Router->runRouteWithinStack()
#41 /home/adin/Documents/belajar/laravel/laravel-sb-admin-2/vendor/laravel/framework/src/Illuminate/Routing/Router.php(750): Illuminate\\Routing\\Router->runRoute()
#42 /home/adin/Documents/belajar/laravel/laravel-sb-admin-2/vendor/laravel/framework/src/Illuminate/Routing/Router.php(739): Illuminate\\Routing\\Router->dispatchToRoute()
#43 /home/adin/Documents/belajar/laravel/laravel-sb-admin-2/vendor/laravel/framework/src/Illuminate/Foundation/Http/Kernel.php(201): Illuminate\\Routing\\Router->dispatch()
#44 /home/adin/Documents/belajar/laravel/laravel-sb-admin-2/vendor/laravel/framework/src/Illuminate/Pipeline/Pipeline.php(144): Illuminate\\Foundation\\Http\\Kernel->Illuminate\\Foundation\\Http\\{closure}()
#45 /home/adin/Documents/belajar/laravel/laravel-sb-admin-2/vendor/laravel/framework/src/Illuminate/Foundation/Http/Middleware/TransformsRequest.php(21): Illuminate\\Pipeline\\Pipeline->Illuminate\\Pipeline\\{closure}()
#46 /home/adin/Documents/belajar/laravel/laravel-sb-admin-2/vendor/laravel/framework/src/Illuminate/Foundation/Http/Middleware/ConvertEmptyStringsToNull.php(31): Illuminate\\Foundation\\Http\\Middleware\\TransformsRequest->handle()
#47 /home/adin/Documents/belajar/laravel/laravel-sb-admin-2/vendor/laravel/framework/src/Illuminate/Pipeline/Pipeline.php(183): Illuminate\\Foundation\\Http\\Middleware\\ConvertEmptyStringsToNull->handle()
#48 /home/adin/Documents/belajar/laravel/laravel-sb-admin-2/vendor/laravel/framework/src/Illuminate/Foundation/Http/Middleware/TransformsRequest.php(21): Illuminate\\Pipeline\\Pipeline->Illuminate\\Pipeline\\{closure}()
#49 /home/adin/Documents/belajar/laravel/laravel-sb-admin-2/vendor/laravel/framework/src/Illuminate/Foundation/Http/Middleware/TrimStrings.php(51): Illuminate\\Foundation\\Http\\Middleware\\TransformsRequest->handle()
#50 /home/adin/Documents/belajar/laravel/laravel-sb-admin-2/vendor/laravel/framework/src/Illuminate/Pipeline/Pipeline.php(183): Illuminate\\Foundation\\Http\\Middleware\\TrimStrings->handle()
#51 /home/adin/Documents/belajar/laravel/laravel-sb-admin-2/vendor/laravel/framework/src/Illuminate/Http/Middleware/ValidatePostSize.php(27): Illuminate\\Pipeline\\Pipeline->Illuminate\\Pipeline\\{closure}()
#52 /home/adin/Documents/belajar/laravel/laravel-sb-admin-2/vendor/laravel/framework/src/Illuminate/Pipeline/Pipeline.php(183): Illuminate\\Http\\Middleware\\ValidatePostSize->handle()
#53 /home/adin/Documents/belajar/laravel/laravel-sb-admin-2/vendor/laravel/framework/src/Illuminate/Foundation/Http/Middleware/PreventRequestsDuringMaintenance.php(110): Illuminate\\Pipeline\\Pipeline->Illuminate\\Pipeline\\{closure}()
#54 /home/adin/Documents/belajar/laravel/laravel-sb-admin-2/vendor/laravel/framework/src/Illuminate/Pipeline/Pipeline.php(183): Illuminate\\Foundation\\Http\\Middleware\\PreventRequestsDuringMaintenance->handle()
#55 /home/adin/Documents/belajar/laravel/laravel-sb-admin-2/vendor/laravel/framework/src/Illuminate/Http/Middleware/HandleCors.php(49): Illuminate\\Pipeline\\Pipeline->Illuminate\\Pipeline\\{closure}()
#56 /home/adin/Documents/belajar/laravel/laravel-sb-admin-2/vendor/laravel/framework/src/Illuminate/Pipeline/Pipeline.php(183): Illuminate\\Http\\Middleware\\HandleCors->handle()
#57 /home/adin/Documents/belajar/laravel/laravel-sb-admin-2/vendor/laravel/framework/src/Illuminate/Http/Middleware/TrustProxies.php(58): Illuminate\\Pipeline\\Pipeline->Illuminate\\Pipeline\\{closure}()
#58 /home/adin/Documents/belajar/laravel/laravel-sb-admin-2/vendor/laravel/framework/src/Illuminate/Pipeline/Pipeline.php(183): Illuminate\\Http\\Middleware\\TrustProxies->handle()
#59 /home/adin/Documents/belajar/laravel/laravel-sb-admin-2/vendor/laravel/framework/src/Illuminate/Pipeline/Pipeline.php(119): Illuminate\\Pipeline\\Pipeline->Illuminate\\Pipeline\\{closure}()
#60 /home/adin/Documents/belajar/laravel/laravel-sb-admin-2/vendor/laravel/framework/src/Illuminate/Foundation/Http/Kernel.php(176): Illuminate\\Pipeline\\Pipeline->then()
#61 /home/adin/Documents/belajar/laravel/laravel-sb-admin-2/vendor/laravel/framework/src/Illuminate/Foundation/Http/Kernel.php(145): Illuminate\\Foundation\\Http\\Kernel->sendRequestThroughRouter()
#62 /home/adin/Documents/belajar/laravel/laravel-sb-admin-2/public/index.php(54): Illuminate\\Foundation\\Http\\Kernel->handle()
#63 /home/adin/Documents/belajar/laravel/laravel-sb-admin-2/server.php(21): require_once('...')
#64 {main}

[previous exception] [object] (Symfony\\Component\\Routing\\Exception\\RouteNotFoundException(code: 0): Route [teacher] not defined. at /home/adin/Documents/belajar/laravel/laravel-sb-admin-2/vendor/laravel/framework/src/Illuminate/Routing/UrlGenerator.php:516)
[stacktrace]
#0 /home/adin/Documents/belajar/laravel/laravel-sb-admin-2/vendor/laravel/framework/src/Illuminate/Foundation/helpers.php(853): Illuminate\\Routing\\UrlGenerator->route()
#1 /home/adin/Documents/belajar/laravel/laravel-sb-admin-2/storage/framework/views/c455625647ebc0f4f5df11875b76a781.php(61): route()
#2 /home/adin/Documents/belajar/laravel/laravel-sb-admin-2/vendor/laravel/framework/src/Illuminate/Filesystem/Filesystem.php(123): require('...')
#3 /home/adin/Documents/belajar/laravel/laravel-sb-admin-2/vendor/laravel/framework/src/Illuminate/Filesystem/Filesystem.php(124): Illuminate\\Filesystem\\Filesystem::Illuminate\\Filesystem\\{closure}()
#4 /home/adin/Documents/belajar/laravel/laravel-sb-admin-2/vendor/laravel/framework/src/Illuminate/View/Engines/PhpEngine.php(58): Illuminate\\Filesystem\\Filesystem->getRequire()
#5 /home/adin/Documents/belajar/laravel/laravel-sb-admin-2/vendor/laravel/framework/src/Illuminate/View/Engines/CompilerEngine.php(74): Illuminate\\View\\Engines\\PhpEngine->evaluatePath()
#6 /home/adin/Documents/belajar/laravel/laravel-sb-admin-2/vendor/laravel/framework/src/Illuminate/View/View.php(209): Illuminate\\View\\Engines\\CompilerEngine->get()
#7 /home/adin/Documents/belajar/laravel/laravel-sb-admin-2/vendor/laravel/framework/src/Illuminate/View/View.php(192): Illuminate\\View\\View->getContents()
#8 /home/adin/Documents/belajar/laravel/laravel-sb-admin-2/vendor/laravel/framework/src/Illuminate/View/View.php(161): Illuminate\\View\\View->renderContents()
#9 /home/adin/Documents/belajar/laravel/laravel-sb-admin-2/storage/framework/views/f7a58bb9602f67f81afd7fa8c4ddbdd8.php(222): Illuminate\\View\\View->render()
#10 /home/adin/Documents/belajar/laravel/laravel-sb-admin-2/vendor/laravel/framework/src/Illuminate/Filesystem/Filesystem.php(123): require('...')
#11 /home/adin/Documents/belajar/laravel/laravel-sb-admin-2/vendor/laravel/framework/src/Illuminate/Filesystem/Filesystem.php(124): Illuminate\\Filesystem\\Filesystem::Illuminate\\Filesystem\\{closure}()
#12 /home/adin/Documents/belajar/laravel/laravel-sb-admin-2/vendor/laravel/framework/src/Illuminate/View/Engines/PhpEngine.php(58): Illuminate\\Filesystem\\Filesystem->getRequire()
#13 /home/adin/Documents/belajar/laravel/laravel-sb-admin-2/vendor/laravel/framework/src/Illuminate/View/Engines/CompilerEngine.php(74): Illuminate\\View\\Engines\\PhpEngine->evaluatePath()
#14 /home/adin/Documents/belajar/laravel/laravel-sb-admin-2/vendor/laravel/framework/src/Illuminate/View/View.php(209): Illuminate\\View\\Engines\\CompilerEngine->get()
#15 /home/adin/Documents/belajar/laravel/laravel-sb-admin-2/vendor/laravel/framework/src/Illuminate/View/View.php(192): Illuminate\\View\\View->getContents()
#16 /home/adin/Documents/belajar/laravel/laravel-sb-admin-2/vendor/laravel/framework/src/Illuminate/View/View.php(161): Illuminate\\View\\View->renderContents()
#17 /home/adin/Documents/belajar/laravel/laravel-sb-admin-2/vendor/laravel/framework/src/Illuminate/Http/Response.php(70): Illuminate\\View\\View->render()
#18 /home/adin/Documents/belajar/laravel/laravel-sb-admin-2/vendor/laravel/framework/src/Illuminate/Http/Response.php(35): Illuminate\\Http\\Response->setContent()
#19 /home/adin/Documents/belajar/laravel/laravel-sb-admin-2/vendor/laravel/framework/src/Illuminate/Routing/Router.php(920): Illuminate\\Http\\Response->__construct()
#20 /home/adin/Documents/belajar/laravel/laravel-sb-admin-2/vendor/laravel/framework/src/Illuminate/Routing/Router.php(887): Illuminate\\Routing\\Router::toResponse()
#21 /home/adin/Documents/belajar/laravel/laravel-sb-admin-2/vendor/laravel/framework/src/Illuminate/Routing/Router.php(807): Illuminate\\Routing\\Router->prepareResponse()
#22 /home/adin/Documents/belajar/laravel/laravel-sb-admin-2/vendor/laravel/framework/src/Illuminate/Pipeline/Pipeline.php(144): Illuminate\\Routing\\Router->Illuminate\\Routing\\{closure}()
#23 /home/adin/Documents/belajar/laravel/laravel-sb-admin-2/vendor/laravel/framework/src/Illuminate/Routing/Middleware/SubstituteBindings.php(51): Illuminate\\Pipeline\\Pipeline->Illuminate\\Pipeline\\{closure}()
#24 /home/adin/Documents/belajar/laravel/laravel-sb-admin-2/vendor/laravel/framework/src/Illuminate/Pipeline/Pipeline.php(183): Illuminate\\Routing\\Middleware\\SubstituteBindings->handle()
#25 /home/adin/Documents/belajar/laravel/laravel-sb-admin-2/vendor/laravel/framework/src/Illuminate/Auth/Middleware/Authenticate.php(64): Illuminate\\Pipeline\\Pipeline->Illuminate\\Pipeline\\{closure}()
#26 /home/adin/Documents/belajar/laravel/laravel-sb-admin-2/vendor/laravel/framework/src/Illuminate/Pipeline/Pipeline.php(183): Illuminate\\Auth\\Middleware\\Authenticate->handle()
#27 /home/adin/Documents/belajar/laravel/laravel-sb-admin-2/vendor/laravel/framework/src/Illuminate/Foundation/Http/Middleware/VerifyCsrfToken.php(88): Illuminate\\Pipeline\\Pipeline->Illuminate\\Pipeline\\{closure}()
#28 /home/adin/Documents/belajar/laravel/laravel-sb-admin-2/vendor/laravel/framework/src/Illuminate/Pipeline/Pipeline.php(183): Illuminate\\Foundation\\Http\\Middleware\\VerifyCsrfToken->handle()
#29 /home/adin/Documents/belajar/laravel/laravel-sb-admin-2/vendor/laravel/framework/src/Illuminate/View/Middleware/ShareErrorsFromSession.php(49): Illuminate\\Pipeline\\Pipeline->Illuminate\\Pipeline\\{closure}()
#30 /home/adin/Documents/belajar/laravel/laravel-sb-admin-2/vendor/laravel/framework/src/Illuminate/Pipeline/Pipeline.php(183): Illuminate\\View\\Middleware\\ShareErrorsFromSession->handle()
#31 /home/adin/Documents/belajar/laravel/laravel-sb-admin-2/vendor/laravel/framework/src/Illuminate/Session/Middleware/StartSession.php(121): Illuminate\\Pipeline\\Pipeline->Illuminate\\Pipeline\\{closure}()
#32 /home/adin/Documents/belajar/laravel/laravel-sb-admin-2/vendor/laravel/framework/src/Illuminate/Session/Middleware/StartSession.php(64): Illuminate\\Session\\Middleware\\StartSession->handleStatefulRequest()
#33 /home/adin/Documents/belajar/laravel/laravel-sb-admin-2/vendor/laravel/framework/src/Illuminate/Pipeline/Pipeline.php(183): Illuminate\\Session\\Middleware\\StartSession->handle()
#34 /home/adin/Documents/belajar/laravel/laravel-sb-admin-2/vendor/laravel/framework/src/Illuminate/Cookie/Middleware/AddQueuedCookiesToResponse.php(37): Illuminate\\Pipeline\\Pipeline->Illuminate\\Pipeline\\{closure}()
#35 /home/adin/Documents/belajar/laravel/laravel-sb-admin-2/vendor/laravel/framework/src/Illuminate/Pipeline/Pipeline.php(183): Illuminate\\Cookie\\Middleware\\AddQueuedCookiesToResponse->handle()
#36 /home/adin/Documents/belajar/laravel/laravel-sb-admin-2/vendor/laravel/framework/src/Illuminate/Cookie/Middleware/EncryptCookies.php(75): Illuminate\\Pipeline\\Pipeline->Illuminate\\Pipeline\\{closure}()
#37 /home/adin/Documents/belajar/laravel/laravel-sb-admin-2/vendor/laravel/framework/src/Illuminate/Pipeline/Pipeline.php(183): Illuminate\\Cookie\\Middleware\\EncryptCookies->handle()
#38 /home/adin/Documents/belajar/laravel/laravel-sb-admin-2/vendor/laravel/framework/src/Illuminate/Pipeline/Pipeline.php(119): Illuminate\\Pipeline\\Pipeline->Illuminate\\Pipeline\\{closure}()
#39 /home/adin/Documents/belajar/laravel/laravel-sb-admin-2/vendor/laravel/framework/src/Illuminate/Routing/Router.php(807): Illuminate\\Pipeline\\Pipeline->then()
#40 /home/adin/Documents/belajar/laravel/laravel-sb-admin-2/vendor/laravel/framework/src/Illuminate/Routing/Router.php(786): Illuminate\\Routing\\Router->runRouteWithinStack()
#41 /home/adin/Documents/belajar/laravel/laravel-sb-admin-2/vendor/laravel/framework/src/Illuminate/Routing/Router.php(750): Illuminate\\Routing\\Router->runRoute()
#42 /home/adin/Documents/belajar/laravel/laravel-sb-admin-2/vendor/laravel/framework/src/Illuminate/Routing/Router.php(739): Illuminate\\Routing\\Router->dispatchToRoute()
#43 /home/adin/Documents/belajar/laravel/laravel-sb-admin-2/vendor/laravel/framework/src/Illuminate/Foundation/Http/Kernel.php(201): Illuminate\\Routing\\Router->dispatch()
#44 /home/adin/Documents/belajar/laravel/laravel-sb-admin-2/vendor/laravel/framework/src/Illuminate/Pipeline/Pipeline.php(144): Illuminate\\Foundation\\Http\\Kernel->Illuminate\\Foundation\\Http\\{closure}()
#45 /home/adin/Documents/belajar/laravel/laravel-sb-admin-2/vendor/laravel/framework/src/Illuminate/Foundation/Http/Middleware/TransformsRequest.php(21): Illuminate\\Pipeline\\Pipeline->Illuminate\\Pipeline\\{closure}()
#46 /home/adin/Documents/belajar/laravel/laravel-sb-admin-2/vendor/laravel/framework/src/Illuminate/Foundation/Http/Middleware/ConvertEmptyStringsToNull.php(31): Illuminate\\Foundation\\Http\\Middleware\\TransformsRequest->handle()
#47 /home/adin/Documents/belajar/laravel/laravel-sb-admin-2/vendor/laravel/framework/src/Illuminate/Pipeline/Pipeline.php(183): Illuminate\\Foundation\\Http\\Middleware\\ConvertEmptyStringsToNull->handle()
#48 /home/adin/Documents/belajar/laravel/laravel-sb-admin-2/vendor/laravel/framework/src/Illuminate/Foundation/Http/Middleware/TransformsRequest.php(21): Illuminate\\Pipeline\\Pipeline->Illuminate\\Pipeline\\{closure}()
#49 /home/adin/Documents/belajar/laravel/laravel-sb-admin-2/vendor/laravel/framework/src/Illuminate/Foundation/Http/Middleware/TrimStrings.php(51): Illuminate\\Foundation\\Http\\Middleware\\TransformsRequest->handle()
#50 /home/adin/Documents/belajar/laravel/laravel-sb-admin-2/vendor/laravel/framework/src/Illuminate/Pipeline/Pipeline.php(183): Illuminate\\Foundation\\Http\\Middleware\\TrimStrings->handle()
#51 /home/adin/Documents/belajar/laravel/laravel-sb-admin-2/vendor/laravel/framework/src/Illuminate/Http/Middleware/ValidatePostSize.php(27): Illuminate\\Pipeline\\Pipeline->Illuminate\\Pipeline\\{closure}()
#52 /home/adin/Documents/belajar/laravel/laravel-sb-admin-2/vendor/laravel/framework/src/Illuminate/Pipeline/Pipeline.php(183): Illuminate\\Http\\Middleware\\ValidatePostSize->handle()
#53 /home/adin/Documents/belajar/laravel/laravel-sb-admin-2/vendor/laravel/framework/src/Illuminate/Foundation/Http/Middleware/PreventRequestsDuringMaintenance.php(110): Illuminate\\Pipeline\\Pipeline->Illuminate\\Pipeline\\{closure}()
#54 /home/adin/Documents/belajar/laravel/laravel-sb-admin-2/vendor/laravel/framework/src/Illuminate/Pipeline/Pipeline.php(183): Illuminate\\Foundation\\Http\\Middleware\\PreventRequestsDuringMaintenance->handle()
#55 /home/adin/Documents/belajar/laravel/laravel-sb-admin-2/vendor/laravel/framework/src/Illuminate/Http/Middleware/HandleCors.php(49): Illuminate\\Pipeline\\Pipeline->Illuminate\\Pipeline\\{closure}()
#56 /home/adin/Documents/belajar/laravel/laravel-sb-admin-2/vendor/laravel/framework/src/Illuminate/Pipeline/Pipeline.php(183): Illuminate\\Http\\Middleware\\HandleCors->handle()
#57 /home/adin/Documents/belajar/laravel/laravel-sb-admin-2/vendor/laravel/framework/src/Illuminate/Http/Middleware/TrustProxies.php(58): Illuminate\\Pipeline\\Pipeline->Illuminate\\Pipeline\\{closure}()
#58 /home/adin/Documents/belajar/laravel/laravel-sb-admin-2/vendor/laravel/framework/src/Illuminate/Pipeline/Pipeline.php(183): Illuminate\\Http\\Middleware\\TrustProxies->handle()
#59 /home/adin/Documents/belajar/laravel/laravel-sb-admin-2/vendor/laravel/framework/src/Illuminate/Pipeline/Pipeline.php(119): Illuminate\\Pipeline\\Pipeline->Illuminate\\Pipeline\\{closure}()
#60 /home/adin/Documents/belajar/laravel/laravel-sb-admin-2/vendor/laravel/framework/src/Illuminate/Foundation/Http/Kernel.php(176): Illuminate\\Pipeline\\Pipeline->then()
#61 /home/adin/Documents/belajar/laravel/laravel-sb-admin-2/vendor/laravel/framework/src/Illuminate/Foundation/Http/Kernel.php(145): Illuminate\\Foundation\\Http\\Kernel->sendRequestThroughRouter()
#62 /home/adin/Documents/belajar/laravel/laravel-sb-admin-2/public/index.php(54): Illuminate\\Foundation\\Http\\Kernel->handle()
#63 /home/adin/Documents/belajar/laravel/laravel-sb-admin-2/server.php(21): require_once('...')
#64 {main}
"} 
[2024-12-03 02:12:36] local.ERROR: Undefined variable $teachers {"view":{"view":"/home/adin/Documents/belajar/laravel/laravel-sb-admin-2/resources/views/teacher/index.blade.php","data":[]},"userId":1,"exception":"[object] (Spatie\\LaravelIgnition\\Exceptions\\ViewException(code: 0): Undefined variable $teachers at /home/adin/Documents/belajar/laravel/laravel-sb-admin-2/resources/views/teacher/index.blade.php:29)
[stacktrace]
#0 /home/adin/Documents/belajar/laravel/laravel-sb-admin-2/vendor/laravel/framework/src/Illuminate/Filesystem/Filesystem.php(123): require('...')
#1 /home/adin/Documents/belajar/laravel/laravel-sb-admin-2/vendor/laravel/framework/src/Illuminate/Filesystem/Filesystem.php(124): Illuminate\\Filesystem\\Filesystem::Illuminate\\Filesystem\\{closure}()
#2 /home/adin/Documents/belajar/laravel/laravel-sb-admin-2/vendor/laravel/framework/src/Illuminate/View/Engines/PhpEngine.php(58): Illuminate\\Filesystem\\Filesystem->getRequire()
#3 /home/adin/Documents/belajar/laravel/laravel-sb-admin-2/vendor/laravel/framework/src/Illuminate/View/Engines/CompilerEngine.php(74): Illuminate\\View\\Engines\\PhpEngine->evaluatePath()
#4 /home/adin/Documents/belajar/laravel/laravel-sb-admin-2/vendor/laravel/framework/src/Illuminate/View/View.php(209): Illuminate\\View\\Engines\\CompilerEngine->get()
#5 /home/adin/Documents/belajar/laravel/laravel-sb-admin-2/vendor/laravel/framework/src/Illuminate/View/View.php(192): Illuminate\\View\\View->getContents()
#6 /home/adin/Documents/belajar/laravel/laravel-sb-admin-2/vendor/laravel/framework/src/Illuminate/View/View.php(161): Illuminate\\View\\View->renderContents()
#7 /home/adin/Documents/belajar/laravel/laravel-sb-admin-2/vendor/laravel/framework/src/Illuminate/Http/Response.php(70): Illuminate\\View\\View->render()
#8 /home/adin/Documents/belajar/laravel/laravel-sb-admin-2/vendor/laravel/framework/src/Illuminate/Http/Response.php(35): Illuminate\\Http\\Response->setContent()
#9 /home/adin/Documents/belajar/laravel/laravel-sb-admin-2/vendor/laravel/framework/src/Illuminate/Routing/Router.php(920): Illuminate\\Http\\Response->__construct()
#10 /home/adin/Documents/belajar/laravel/laravel-sb-admin-2/vendor/laravel/framework/src/Illuminate/Routing/Router.php(887): Illuminate\\Routing\\Router::toResponse()
#11 /home/adin/Documents/belajar/laravel/laravel-sb-admin-2/vendor/laravel/framework/src/Illuminate/Routing/Router.php(807): Illuminate\\Routing\\Router->prepareResponse()
#12 /home/adin/Documents/belajar/laravel/laravel-sb-admin-2/vendor/laravel/framework/src/Illuminate/Pipeline/Pipeline.php(144): Illuminate\\Routing\\Router->Illuminate\\Routing\\{closure}()
#13 /home/adin/Documents/belajar/laravel/laravel-sb-admin-2/vendor/laravel/framework/src/Illuminate/Routing/Middleware/SubstituteBindings.php(51): Illuminate\\Pipeline\\Pipeline->Illuminate\\Pipeline\\{closure}()
#14 /home/adin/Documents/belajar/laravel/laravel-sb-admin-2/vendor/laravel/framework/src/Illuminate/Pipeline/Pipeline.php(183): Illuminate\\Routing\\Middleware\\SubstituteBindings->handle()
#15 /home/adin/Documents/belajar/laravel/laravel-sb-admin-2/vendor/laravel/framework/src/Illuminate/Foundation/Http/Middleware/VerifyCsrfToken.php(88): Illuminate\\Pipeline\\Pipeline->Illuminate\\Pipeline\\{closure}()
#16 /home/adin/Documents/belajar/laravel/laravel-sb-admin-2/vendor/laravel/framework/src/Illuminate/Pipeline/Pipeline.php(183): Illuminate\\Foundation\\Http\\Middleware\\VerifyCsrfToken->handle()
#17 /home/adin/Documents/belajar/laravel/laravel-sb-admin-2/vendor/laravel/framework/src/Illuminate/View/Middleware/ShareErrorsFromSession.php(49): Illuminate\\Pipeline\\Pipeline->Illuminate\\Pipeline\\{closure}()
#18 /home/adin/Documents/belajar/laravel/laravel-sb-admin-2/vendor/laravel/framework/src/Illuminate/Pipeline/Pipeline.php(183): Illuminate\\View\\Middleware\\ShareErrorsFromSession->handle()
#19 /home/adin/Documents/belajar/laravel/laravel-sb-admin-2/vendor/laravel/framework/src/Illuminate/Session/Middleware/StartSession.php(121): Illuminate\\Pipeline\\Pipeline->Illuminate\\Pipeline\\{closure}()
#20 /home/adin/Documents/belajar/laravel/laravel-sb-admin-2/vendor/laravel/framework/src/Illuminate/Session/Middleware/StartSession.php(64): Illuminate\\Session\\Middleware\\StartSession->handleStatefulRequest()
#21 /home/adin/Documents/belajar/laravel/laravel-sb-admin-2/vendor/laravel/framework/src/Illuminate/Pipeline/Pipeline.php(183): Illuminate\\Session\\Middleware\\StartSession->handle()
#22 /home/adin/Documents/belajar/laravel/laravel-sb-admin-2/vendor/laravel/framework/src/Illuminate/Cookie/Middleware/AddQueuedCookiesToResponse.php(37): Illuminate\\Pipeline\\Pipeline->Illuminate\\Pipeline\\{closure}()
#23 /home/adin/Documents/belajar/laravel/laravel-sb-admin-2/vendor/laravel/framework/src/Illuminate/Pipeline/Pipeline.php(183): Illuminate\\Cookie\\Middleware\\AddQueuedCookiesToResponse->handle()
#24 /home/adin/Documents/belajar/laravel/laravel-sb-admin-2/vendor/laravel/framework/src/Illuminate/Cookie/Middleware/EncryptCookies.php(75): Illuminate\\Pipeline\\Pipeline->Illuminate\\Pipeline\\{closure}()
#25 /home/adin/Documents/belajar/laravel/laravel-sb-admin-2/vendor/laravel/framework/src/Illuminate/Pipeline/Pipeline.php(183): Illuminate\\Cookie\\Middleware\\EncryptCookies->handle()
#26 /home/adin/Documents/belajar/laravel/laravel-sb-admin-2/vendor/laravel/framework/src/Illuminate/Pipeline/Pipeline.php(119): Illuminate\\Pipeline\\Pipeline->Illuminate\\Pipeline\\{closure}()
#27 /home/adin/Documents/belajar/laravel/laravel-sb-admin-2/vendor/laravel/framework/src/Illuminate/Routing/Router.php(807): Illuminate\\Pipeline\\Pipeline->then()
#28 /home/adin/Documents/belajar/laravel/laravel-sb-admin-2/vendor/laravel/framework/src/Illuminate/Routing/Router.php(786): Illuminate\\Routing\\Router->runRouteWithinStack()
#29 /home/adin/Documents/belajar/laravel/laravel-sb-admin-2/vendor/laravel/framework/src/Illuminate/Routing/Router.php(750): Illuminate\\Routing\\Router->runRoute()
#30 /home/adin/Documents/belajar/laravel/laravel-sb-admin-2/vendor/laravel/framework/src/Illuminate/Routing/Router.php(739): Illuminate\\Routing\\Router->dispatchToRoute()
#31 /home/adin/Documents/belajar/laravel/laravel-sb-admin-2/vendor/laravel/framework/src/Illuminate/Foundation/Http/Kernel.php(201): Illuminate\\Routing\\Router->dispatch()
#32 /home/adin/Documents/belajar/laravel/laravel-sb-admin-2/vendor/laravel/framework/src/Illuminate/Pipeline/Pipeline.php(144): Illuminate\\Foundation\\Http\\Kernel->Illuminate\\Foundation\\Http\\{closure}()
#33 /home/adin/Documents/belajar/laravel/laravel-sb-admin-2/vendor/laravel/framework/src/Illuminate/Foundation/Http/Middleware/TransformsRequest.php(21): Illuminate\\Pipeline\\Pipeline->Illuminate\\Pipeline\\{closure}()
#34 /home/adin/Documents/belajar/laravel/laravel-sb-admin-2/vendor/laravel/framework/src/Illuminate/Foundation/Http/Middleware/ConvertEmptyStringsToNull.php(31): Illuminate\\Foundation\\Http\\Middleware\\TransformsRequest->handle()
#35 /home/adin/Documents/belajar/laravel/laravel-sb-admin-2/vendor/laravel/framework/src/Illuminate/Pipeline/Pipeline.php(183): Illuminate\\Foundation\\Http\\Middleware\\ConvertEmptyStringsToNull->handle()
#36 /home/adin/Documents/belajar/laravel/laravel-sb-admin-2/vendor/laravel/framework/src/Illuminate/Foundation/Http/Middleware/TransformsRequest.php(21): Illuminate\\Pipeline\\Pipeline->Illuminate\\Pipeline\\{closure}()
#37 /home/adin/Documents/belajar/laravel/laravel-sb-admin-2/vendor/laravel/framework/src/Illuminate/Foundation/Http/Middleware/TrimStrings.php(51): Illuminate\\Foundation\\Http\\Middleware\\TransformsRequest->handle()
#38 /home/adin/Documents/belajar/laravel/laravel-sb-admin-2/vendor/laravel/framework/src/Illuminate/Pipeline/Pipeline.php(183): Illuminate\\Foundation\\Http\\Middleware\\TrimStrings->handle()
#39 /home/adin/Documents/belajar/laravel/laravel-sb-admin-2/vendor/laravel/framework/src/Illuminate/Http/Middleware/ValidatePostSize.php(27): Illuminate\\Pipeline\\Pipeline->Illuminate\\Pipeline\\{closure}()
#40 /home/adin/Documents/belajar/laravel/laravel-sb-admin-2/vendor/laravel/framework/src/Illuminate/Pipeline/Pipeline.php(183): Illuminate\\Http\\Middleware\\ValidatePostSize->handle()
#41 /home/adin/Documents/belajar/laravel/laravel-sb-admin-2/vendor/laravel/framework/src/Illuminate/Foundation/Http/Middleware/PreventRequestsDuringMaintenance.php(110): Illuminate\\Pipeline\\Pipeline->Illuminate\\Pipeline\\{closure}()
#42 /home/adin/Documents/belajar/laravel/laravel-sb-admin-2/vendor/laravel/framework/src/Illuminate/Pipeline/Pipeline.php(183): Illuminate\\Foundation\\Http\\Middleware\\PreventRequestsDuringMaintenance->handle()
#43 /home/adin/Documents/belajar/laravel/laravel-sb-admin-2/vendor/laravel/framework/src/Illuminate/Http/Middleware/HandleCors.php(49): Illuminate\\Pipeline\\Pipeline->Illuminate\\Pipeline\\{closure}()
#44 /home/adin/Documents/belajar/laravel/laravel-sb-admin-2/vendor/laravel/framework/src/Illuminate/Pipeline/Pipeline.php(183): Illuminate\\Http\\Middleware\\HandleCors->handle()
#45 /home/adin/Documents/belajar/laravel/laravel-sb-admin-2/vendor/laravel/framework/src/Illuminate/Http/Middleware/TrustProxies.php(58): Illuminate\\Pipeline\\Pipeline->Illuminate\\Pipeline\\{closure}()
#46 /home/adin/Documents/belajar/laravel/laravel-sb-admin-2/vendor/laravel/framework/src/Illuminate/Pipeline/Pipeline.php(183): Illuminate\\Http\\Middleware\\TrustProxies->handle()
#47 /home/adin/Documents/belajar/laravel/laravel-sb-admin-2/vendor/laravel/framework/src/Illuminate/Pipeline/Pipeline.php(119): Illuminate\\Pipeline\\Pipeline->Illuminate\\Pipeline\\{closure}()
#48 /home/adin/Documents/belajar/laravel/laravel-sb-admin-2/vendor/laravel/framework/src/Illuminate/Foundation/Http/Kernel.php(176): Illuminate\\Pipeline\\Pipeline->then()
#49 /home/adin/Documents/belajar/laravel/laravel-sb-admin-2/vendor/laravel/framework/src/Illuminate/Foundation/Http/Kernel.php(145): Illuminate\\Foundation\\Http\\Kernel->sendRequestThroughRouter()
#50 /home/adin/Documents/belajar/laravel/laravel-sb-admin-2/public/index.php(54): Illuminate\\Foundation\\Http\\Kernel->handle()
#51 /home/adin/Documents/belajar/laravel/laravel-sb-admin-2/server.php(21): require_once('...')
#52 {main}

[previous exception] [object] (ErrorException(code: 0): Undefined variable $teachers at /home/adin/Documents/belajar/laravel/laravel-sb-admin-2/storage/framework/views/3d6d51dd11ccd2b4d6efc21e0e9acbf2.php:27)
[stacktrace]
#0 /home/adin/Documents/belajar/laravel/laravel-sb-admin-2/vendor/laravel/framework/src/Illuminate/Foundation/Bootstrap/HandleExceptions.php(281): Illuminate\\Foundation\\Bootstrap\\HandleExceptions->handleError()
#1 /home/adin/Documents/belajar/laravel/laravel-sb-admin-2/storage/framework/views/3d6d51dd11ccd2b4d6efc21e0e9acbf2.php(27): Illuminate\\Foundation\\Bootstrap\\HandleExceptions->Illuminate\\Foundation\\Bootstrap\\{closure}()
#2 /home/adin/Documents/belajar/laravel/laravel-sb-admin-2/vendor/laravel/framework/src/Illuminate/Filesystem/Filesystem.php(123): require('...')
#3 /home/adin/Documents/belajar/laravel/laravel-sb-admin-2/vendor/laravel/framework/src/Illuminate/Filesystem/Filesystem.php(124): Illuminate\\Filesystem\\Filesystem::Illuminate\\Filesystem\\{closure}()
#4 /home/adin/Documents/belajar/laravel/laravel-sb-admin-2/vendor/laravel/framework/src/Illuminate/View/Engines/PhpEngine.php(58): Illuminate\\Filesystem\\Filesystem->getRequire()
#5 /home/adin/Documents/belajar/laravel/laravel-sb-admin-2/vendor/laravel/framework/src/Illuminate/View/Engines/CompilerEngine.php(74): Illuminate\\View\\Engines\\PhpEngine->evaluatePath()
#6 /home/adin/Documents/belajar/laravel/laravel-sb-admin-2/vendor/laravel/framework/src/Illuminate/View/View.php(209): Illuminate\\View\\Engines\\CompilerEngine->get()
#7 /home/adin/Documents/belajar/laravel/laravel-sb-admin-2/vendor/laravel/framework/src/Illuminate/View/View.php(192): Illuminate\\View\\View->getContents()
#8 /home/adin/Documents/belajar/laravel/laravel-sb-admin-2/vendor/laravel/framework/src/Illuminate/View/View.php(161): Illuminate\\View\\View->renderContents()
#9 /home/adin/Documents/belajar/laravel/laravel-sb-admin-2/vendor/laravel/framework/src/Illuminate/Http/Response.php(70): Illuminate\\View\\View->render()
#10 /home/adin/Documents/belajar/laravel/laravel-sb-admin-2/vendor/laravel/framework/src/Illuminate/Http/Response.php(35): Illuminate\\Http\\Response->setContent()
#11 /home/adin/Documents/belajar/laravel/laravel-sb-admin-2/vendor/laravel/framework/src/Illuminate/Routing/Router.php(920): Illuminate\\Http\\Response->__construct()
#12 /home/adin/Documents/belajar/laravel/laravel-sb-admin-2/vendor/laravel/framework/src/Illuminate/Routing/Router.php(887): Illuminate\\Routing\\Router::toResponse()
#13 /home/adin/Documents/belajar/laravel/laravel-sb-admin-2/vendor/laravel/framework/src/Illuminate/Routing/Router.php(807): Illuminate\\Routing\\Router->prepareResponse()
#14 /home/adin/Documents/belajar/laravel/laravel-sb-admin-2/vendor/laravel/framework/src/Illuminate/Pipeline/Pipeline.php(144): Illuminate\\Routing\\Router->Illuminate\\Routing\\{closure}()
#15 /home/adin/Documents/belajar/laravel/laravel-sb-admin-2/vendor/laravel/framework/src/Illuminate/Routing/Middleware/SubstituteBindings.php(51): Illuminate\\Pipeline\\Pipeline->Illuminate\\Pipeline\\{closure}()
#16 /home/adin/Documents/belajar/laravel/laravel-sb-admin-2/vendor/laravel/framework/src/Illuminate/Pipeline/Pipeline.php(183): Illuminate\\Routing\\Middleware\\SubstituteBindings->handle()
#17 /home/adin/Documents/belajar/laravel/laravel-sb-admin-2/vendor/laravel/framework/src/Illuminate/Foundation/Http/Middleware/VerifyCsrfToken.php(88): Illuminate\\Pipeline\\Pipeline->Illuminate\\Pipeline\\{closure}()
#18 /home/adin/Documents/belajar/laravel/laravel-sb-admin-2/vendor/laravel/framework/src/Illuminate/Pipeline/Pipeline.php(183): Illuminate\\Foundation\\Http\\Middleware\\VerifyCsrfToken->handle()
#19 /home/adin/Documents/belajar/laravel/laravel-sb-admin-2/vendor/laravel/framework/src/Illuminate/View/Middleware/ShareErrorsFromSession.php(49): Illuminate\\Pipeline\\Pipeline->Illuminate\\Pipeline\\{closure}()
#20 /home/adin/Documents/belajar/laravel/laravel-sb-admin-2/vendor/laravel/framework/src/Illuminate/Pipeline/Pipeline.php(183): Illuminate\\View\\Middleware\\ShareErrorsFromSession->handle()
#21 /home/adin/Documents/belajar/laravel/laravel-sb-admin-2/vendor/laravel/framework/src/Illuminate/Session/Middleware/StartSession.php(121): Illuminate\\Pipeline\\Pipeline->Illuminate\\Pipeline\\{closure}()
#22 /home/adin/Documents/belajar/laravel/laravel-sb-admin-2/vendor/laravel/framework/src/Illuminate/Session/Middleware/StartSession.php(64): Illuminate\\Session\\Middleware\\StartSession->handleStatefulRequest()
#23 /home/adin/Documents/belajar/laravel/laravel-sb-admin-2/vendor/laravel/framework/src/Illuminate/Pipeline/Pipeline.php(183): Illuminate\\Session\\Middleware\\StartSession->handle()
#24 /home/adin/Documents/belajar/laravel/laravel-sb-admin-2/vendor/laravel/framework/src/Illuminate/Cookie/Middleware/AddQueuedCookiesToResponse.php(37): Illuminate\\Pipeline\\Pipeline->Illuminate\\Pipeline\\{closure}()
#25 /home/adin/Documents/belajar/laravel/laravel-sb-admin-2/vendor/laravel/framework/src/Illuminate/Pipeline/Pipeline.php(183): Illuminate\\Cookie\\Middleware\\AddQueuedCookiesToResponse->handle()
#26 /home/adin/Documents/belajar/laravel/laravel-sb-admin-2/vendor/laravel/framework/src/Illuminate/Cookie/Middleware/EncryptCookies.php(75): Illuminate\\Pipeline\\Pipeline->Illuminate\\Pipeline\\{closure}()
#27 /home/adin/Documents/belajar/laravel/laravel-sb-admin-2/vendor/laravel/framework/src/Illuminate/Pipeline/Pipeline.php(183): Illuminate\\Cookie\\Middleware\\EncryptCookies->handle()
#28 /home/adin/Documents/belajar/laravel/laravel-sb-admin-2/vendor/laravel/framework/src/Illuminate/Pipeline/Pipeline.php(119): Illuminate\\Pipeline\\Pipeline->Illuminate\\Pipeline\\{closure}()
#29 /home/adin/Documents/belajar/laravel/laravel-sb-admin-2/vendor/laravel/framework/src/Illuminate/Routing/Router.php(807): Illuminate\\Pipeline\\Pipeline->then()
#30 /home/adin/Documents/belajar/laravel/laravel-sb-admin-2/vendor/laravel/framework/src/Illuminate/Routing/Router.php(786): Illuminate\\Routing\\Router->runRouteWithinStack()
#31 /home/adin/Documents/belajar/laravel/laravel-sb-admin-2/vendor/laravel/framework/src/Illuminate/Routing/Router.php(750): Illuminate\\Routing\\Router->runRoute()
#32 /home/adin/Documents/belajar/laravel/laravel-sb-admin-2/vendor/laravel/framework/src/Illuminate/Routing/Router.php(739): Illuminate\\Routing\\Router->dispatchToRoute()
#33 /home/adin/Documents/belajar/laravel/laravel-sb-admin-2/vendor/laravel/framework/src/Illuminate/Foundation/Http/Kernel.php(201): Illuminate\\Routing\\Router->dispatch()
#34 /home/adin/Documents/belajar/laravel/laravel-sb-admin-2/vendor/laravel/framework/src/Illuminate/Pipeline/Pipeline.php(144): Illuminate\\Foundation\\Http\\Kernel->Illuminate\\Foundation\\Http\\{closure}()
#35 /home/adin/Documents/belajar/laravel/laravel-sb-admin-2/vendor/laravel/framework/src/Illuminate/Foundation/Http/Middleware/TransformsRequest.php(21): Illuminate\\Pipeline\\Pipeline->Illuminate\\Pipeline\\{closure}()
#36 /home/adin/Documents/belajar/laravel/laravel-sb-admin-2/vendor/laravel/framework/src/Illuminate/Foundation/Http/Middleware/ConvertEmptyStringsToNull.php(31): Illuminate\\Foundation\\Http\\Middleware\\TransformsRequest->handle()
#37 /home/adin/Documents/belajar/laravel/laravel-sb-admin-2/vendor/laravel/framework/src/Illuminate/Pipeline/Pipeline.php(183): Illuminate\\Foundation\\Http\\Middleware\\ConvertEmptyStringsToNull->handle()
#38 /home/adin/Documents/belajar/laravel/laravel-sb-admin-2/vendor/laravel/framework/src/Illuminate/Foundation/Http/Middleware/TransformsRequest.php(21): Illuminate\\Pipeline\\Pipeline->Illuminate\\Pipeline\\{closure}()
#39 /home/adin/Documents/belajar/laravel/laravel-sb-admin-2/vendor/laravel/framework/src/Illuminate/Foundation/Http/Middleware/TrimStrings.php(51): Illuminate\\Foundation\\Http\\Middleware\\TransformsRequest->handle()
#40 /home/adin/Documents/belajar/laravel/laravel-sb-admin-2/vendor/laravel/framework/src/Illuminate/Pipeline/Pipeline.php(183): Illuminate\\Foundation\\Http\\Middleware\\TrimStrings->handle()
#41 /home/adin/Documents/belajar/laravel/laravel-sb-admin-2/vendor/laravel/framework/src/Illuminate/Http/Middleware/ValidatePostSize.php(27): Illuminate\\Pipeline\\Pipeline->Illuminate\\Pipeline\\{closure}()
#42 /home/adin/Documents/belajar/laravel/laravel-sb-admin-2/vendor/laravel/framework/src/Illuminate/Pipeline/Pipeline.php(183): Illuminate\\Http\\Middleware\\ValidatePostSize->handle()
#43 /home/adin/Documents/belajar/laravel/laravel-sb-admin-2/vendor/laravel/framework/src/Illuminate/Foundation/Http/Middleware/PreventRequestsDuringMaintenance.php(110): Illuminate\\Pipeline\\Pipeline->Illuminate\\Pipeline\\{closure}()
#44 /home/adin/Documents/belajar/laravel/laravel-sb-admin-2/vendor/laravel/framework/src/Illuminate/Pipeline/Pipeline.php(183): Illuminate\\Foundation\\Http\\Middleware\\PreventRequestsDuringMaintenance->handle()
#45 /home/adin/Documents/belajar/laravel/laravel-sb-admin-2/vendor/laravel/framework/src/Illuminate/Http/Middleware/HandleCors.php(49): Illuminate\\Pipeline\\Pipeline->Illuminate\\Pipeline\\{closure}()
#46 /home/adin/Documents/belajar/laravel/laravel-sb-admin-2/vendor/laravel/framework/src/Illuminate/Pipeline/Pipeline.php(183): Illuminate\\Http\\Middleware\\HandleCors->handle()
#47 /home/adin/Documents/belajar/laravel/laravel-sb-admin-2/vendor/laravel/framework/src/Illuminate/Http/Middleware/TrustProxies.php(58): Illuminate\\Pipeline\\Pipeline->Illuminate\\Pipeline\\{closure}()
#48 /home/adin/Documents/belajar/laravel/laravel-sb-admin-2/vendor/laravel/framework/src/Illuminate/Pipeline/Pipeline.php(183): Illuminate\\Http\\Middleware\\TrustProxies->handle()
#49 /home/adin/Documents/belajar/laravel/laravel-sb-admin-2/vendor/laravel/framework/src/Illuminate/Pipeline/Pipeline.php(119): Illuminate\\Pipeline\\Pipeline->Illuminate\\Pipeline\\{closure}()
#50 /home/adin/Documents/belajar/laravel/laravel-sb-admin-2/vendor/laravel/framework/src/Illuminate/Foundation/Http/Kernel.php(176): Illuminate\\Pipeline\\Pipeline->then()
#51 /home/adin/Documents/belajar/laravel/laravel-sb-admin-2/vendor/laravel/framework/src/Illuminate/Foundation/Http/Kernel.php(145): Illuminate\\Foundation\\Http\\Kernel->sendRequestThroughRouter()
#52 /home/adin/Documents/belajar/laravel/laravel-sb-admin-2/public/index.php(54): Illuminate\\Foundation\\Http\\Kernel->handle()
#53 /home/adin/Documents/belajar/laravel/laravel-sb-admin-2/server.php(21): require_once('...')
#54 {main}
"} 
